
              -- N E S T --
  Copyright (C) 2004 The NEST Initiative

 Version: 3.9.0-post0.dev0
 Built: Jan 15 2026 10:38:56

 This program is provided AS IS and comes with
 NO WARRANTY. See the file LICENSE for details.

 Problems or suggestions?
   Visit https://www.nest-simulator.org

 Type 'nest.help()' to find out more about NEST.

Traceback (most recent call last):
  File "/home/runner/work/tmp-nest-examples/tmp-nest-examples/pynest/examples/run_example.py", line 102, in <module>
    run_example(example_path, output_dir)
  File "/home/runner/work/tmp-nest-examples/tmp-nest-examples/pynest/examples/run_example.py", line 76, in run_example
    spec.loader.exec_module(module)
  File "<frozen importlib._bootstrap_external>", line 883, in exec_module
  File "<frozen importlib._bootstrap>", line 241, in _call_with_frames_removed
  File "/home/runner/work/tmp-nest-examples/tmp-nest-examples/pynest/examples/csa_example.py", line 52, in <module>
    from nest import visualization, voltage_trace
  File "/opt/nest/lib/python3.10/site-packages/nest/__init__.py", line 500, in lazy_loader
    raise e from None
  File "/opt/nest/lib/python3.10/site-packages/nest/__init__.py", line 492, in lazy_loader
    module = importlib.import_module("." + module_name, __name__)
  File "/opt/hostedtoolcache/Python/3.10.19/x64/lib/python3.10/importlib/__init__.py", line 126, in import_module
    return _bootstrap._gcd_import(name[level:], package, level)
  File "/opt/nest/lib/python3.10/site-packages/nest/visualization.py", line 27, in <module>
    import pydot
ModuleNotFoundError: No module named 'pydot'
