
              -- N E S T --
  Copyright (C) 2004 The NEST Initiative

 Version: 3.9.0-post0.dev0
 Built: Jan 15 2026 10:38:56

 This program is provided AS IS and comes with
 NO WARRANTY. See the file LICENSE for details.

 Problems or suggestions?
   Visit https://www.nest-simulator.org

 Type 'nest.help()' to find out more about NEST.


Jan 16 10:37:24 SimulationManager::set_status [Info]: 
    Temporal resolution changed from 0.1 to 0.01 ms.

Jan 16 10:37:24 NodeManager::prepare_nodes [Info]: 
    Preparing 6 nodes for simulation.

Jan 16 10:37:24 SimulationManager::start_updating_ [Info]: 
    Number of local nodes: 6
    Simulation time (ms): 200
    Number of OpenMP threads: 1
    Not using MPI

Jan 16 10:37:24 SimulationManager::run [Info]: 
    Simulation finished.

Jan 16 10:37:25 NodeManager::prepare_nodes [Info]: 
    Preparing 28 nodes for simulation.

Jan 16 10:37:25 SimulationManager::start_updating_ [Info]: 
    Number of local nodes: 28
    Simulation time (ms): 200
    Number of OpenMP threads: 4
    Not using MPI

Jan 16 10:37:25 SimulationManager::run [Info]: 
    Simulation finished.

Jan 16 10:37:25 NodeManager::prepare_nodes [Info]: 
    Preparing 25 nodes for simulation.

Jan 16 10:37:25 SimulationManager::start_updating_ [Info]: 
    Number of local nodes: 25
    Simulation time (ms): 200
    Number of OpenMP threads: 4
    Not using MPI

Jan 16 10:37:25 SimulationManager::run [Info]: 
    Simulation finished.

Jan 16 10:37:25 correlation_detector [Info]: 
    Default for delta_tau changed from 0.5 to 5 ms

Jan 16 10:37:25 correlomatrix_detector [Info]: 
    Default for delta_tau changed from 0.5 to 5 ms

Jan 16 10:37:25 correlospinmatrix_detector [Info]: 
    Default for delta_tau changed from 0.1 to 1 ms

Jan 16 10:37:25 SimulationManager::set_status [Info]: 
    Temporal resolution changed from 0.1 to 1 ms.

Jan 16 10:37:25 NodeManager::prepare_nodes [Info]: 
    Preparing 1001 nodes for simulation.

Jan 16 10:37:25 SimulationManager::start_updating_ [Info]: 
    Number of local nodes: 1001
    Simulation time (ms): 500
    Number of OpenMP threads: 1
    Not using MPI

Jan 16 10:37:25 SimulationManager::run [Info]: 
    Simulation finished.

Jan 16 10:37:25 NodeManager::prepare_nodes [Info]: 
    Preparing 1001 nodes for simulation.

Jan 16 10:37:25 SimulationManager::start_updating_ [Info]: 
    Number of local nodes: 1001
    Simulation time (ms): 500
    Number of OpenMP threads: 1
    Not using MPI

Jan 16 10:37:25 SimulationManager::run [Info]: 
    Simulation finished.

Jan 16 10:37:25 correlation_detector [Info]: 
    Default for delta_tau changed from 0.5 to 5 ms

Jan 16 10:37:25 correlomatrix_detector [Info]: 
    Default for delta_tau changed from 0.5 to 5 ms

Jan 16 10:37:25 correlospinmatrix_detector [Info]: 
    Default for delta_tau changed from 0.1 to 1 ms

Jan 16 10:37:25 SimulationManager::set_status [Info]: 
    Temporal resolution changed from 0.1 to 1 ms.

Jan 16 10:37:25 NodeManager::prepare_nodes [Info]: 
    Preparing 1001 nodes for simulation.

Jan 16 10:37:25 SimulationManager::start_updating_ [Info]: 
    Number of local nodes: 1001
    Simulation time (ms): 500
    Number of OpenMP threads: 1
    Not using MPI

Jan 16 10:37:25 SimulationManager::run [Info]: 
    Simulation finished.

Jan 16 10:37:25 NodeManager::prepare_nodes [Info]: 
    Preparing 1001 nodes for simulation.

Jan 16 10:37:25 SimulationManager::start_updating_ [Info]: 
    Number of local nodes: 1001
    Simulation time (ms): 500
    Number of OpenMP threads: 1
    Not using MPI

Jan 16 10:37:25 SimulationManager::run [Info]: 
    Simulation finished.

Jan 16 10:37:25 correlation_detector [Info]: 
    Default for delta_tau changed from 0.5 to 5 ms

Jan 16 10:37:25 correlomatrix_detector [Info]: 
    Default for delta_tau changed from 0.5 to 5 ms

Jan 16 10:37:25 correlospinmatrix_detector [Info]: 
    Default for delta_tau changed from 0.1 to 1 ms

Jan 16 10:37:25 SimulationManager::set_status [Info]: 
    Temporal resolution changed from 0.1 to 1 ms.

Jan 16 10:37:25 NodeManager::prepare_nodes [Info]: 
    Preparing 1001 nodes for simulation.

Jan 16 10:37:25 SimulationManager::start_updating_ [Info]: 
    Number of local nodes: 1001
    Simulation time (ms): 500
    Number of OpenMP threads: 1
    Not using MPI

Jan 16 10:37:26 SimulationManager::run [Info]: 
    Simulation finished.

Jan 16 10:37:26 NodeManager::prepare_nodes [Info]: 
    Preparing 1001 nodes for simulation.

Jan 16 10:37:26 SimulationManager::start_updating_ [Info]: 
    Number of local nodes: 1001
    Simulation time (ms): 500
    Number of OpenMP threads: 1
    Not using MPI

Jan 16 10:37:26 SimulationManager::run [Info]: 
    Simulation finished.

Jan 16 10:37:26 correlation_detector [Info]: 
    Default for delta_tau changed from 0.5 to 5 ms

Jan 16 10:37:26 correlomatrix_detector [Info]: 
    Default for delta_tau changed from 0.5 to 5 ms

Jan 16 10:37:26 correlospinmatrix_detector [Info]: 
    Default for delta_tau changed from 0.1 to 1 ms

Jan 16 10:37:26 SimulationManager::set_status [Info]: 
    Temporal resolution changed from 0.1 to 1 ms.

Jan 16 10:37:26 NodeManager::prepare_nodes [Info]: 
    Preparing 1001 nodes for simulation.

Jan 16 10:37:26 SimulationManager::start_updating_ [Info]: 
    Number of local nodes: 1001
    Simulation time (ms): 500
    Number of OpenMP threads: 1
    Not using MPI

Jan 16 10:37:26 SimulationManager::run [Info]: 
    Simulation finished.

Jan 16 10:37:26 NodeManager::prepare_nodes [Info]: 
    Preparing 1001 nodes for simulation.

Jan 16 10:37:26 SimulationManager::start_updating_ [Info]: 
    Number of local nodes: 1001
    Simulation time (ms): 500
    Number of OpenMP threads: 1
    Not using MPI

Jan 16 10:37:26 SimulationManager::run [Info]: 
    Simulation finished.

Jan 16 10:37:26 correlation_detector [Info]: 
    Default for delta_tau changed from 0.5 to 5 ms

Jan 16 10:37:26 correlomatrix_detector [Info]: 
    Default for delta_tau changed from 0.5 to 5 ms

Jan 16 10:37:26 correlospinmatrix_detector [Info]: 
    Default for delta_tau changed from 0.1 to 1 ms

Jan 16 10:37:26 SimulationManager::set_status [Info]: 
    Temporal resolution changed from 0.1 to 1 ms.

Jan 16 10:37:26 NodeManager::prepare_nodes [Info]: 
    Preparing 1001 nodes for simulation.

Jan 16 10:37:26 SimulationManager::start_updating_ [Info]: 
    Number of local nodes: 1001
    Simulation time (ms): 500
    Number of OpenMP threads: 1
    Not using MPI

Jan 16 10:37:26 SimulationManager::run [Info]: 
    Simulation finished.

Jan 16 10:37:26 NodeManager::prepare_nodes [Info]: 
    Preparing 1001 nodes for simulation.

Jan 16 10:37:26 SimulationManager::start_updating_ [Info]: 
    Number of local nodes: 1001
    Simulation time (ms): 500
    Number of OpenMP threads: 1
    Not using MPI

Jan 16 10:37:27 SimulationManager::run [Info]: 
    Simulation finished.

Jan 16 10:37:27 correlation_detector [Info]: 
    Default for delta_tau changed from 0.5 to 5 ms

Jan 16 10:37:27 correlomatrix_detector [Info]: 
    Default for delta_tau changed from 0.5 to 5 ms

Jan 16 10:37:27 correlospinmatrix_detector [Info]: 
    Default for delta_tau changed from 0.1 to 1 ms

Jan 16 10:37:27 SimulationManager::set_status [Info]: 
    Temporal resolution changed from 0.1 to 1 ms.

Jan 16 10:37:27 NodeManager::prepare_nodes [Info]: 
    Preparing 1001 nodes for simulation.

Jan 16 10:37:27 SimulationManager::start_updating_ [Info]: 
    Number of local nodes: 1001
    Simulation time (ms): 500
    Number of OpenMP threads: 1
    Not using MPI

Jan 16 10:37:27 SimulationManager::run [Info]: 
    Simulation finished.

Jan 16 10:37:27 NodeManager::prepare_nodes [Info]: 
    Preparing 1001 nodes for simulation.

Jan 16 10:37:27 SimulationManager::start_updating_ [Info]: 
    Number of local nodes: 1001
    Simulation time (ms): 500
    Number of OpenMP threads: 1
    Not using MPI

Jan 16 10:37:27 SimulationManager::run [Info]: 
    Simulation finished.
Saved: sinusoidal_gamma_generator_fig01.png
Saved: sinusoidal_gamma_generator_fig02.png

Generated 3 output files:
  - run.log
  - sinusoidal_gamma_generator_fig01.png
  - sinusoidal_gamma_generator_fig02.png
