
              -- N E S T --
  Copyright (C) 2004 The NEST Initiative

 Version: 3.9.0-post0.dev0
 Built: Jan 15 2026 10:38:56

 This program is provided AS IS and comes with
 NO WARRANTY. See the file LICENSE for details.

 Problems or suggestions?
   Visit https://www.nest-simulator.org

 Type 'nest.help()' to find out more about NEST.


Jan 16 10:37:00 SimulationManager::set_status [Info]: 
    Temporal resolution changed from 0.1 to 0.1 ms.

Jan 16 10:37:00 NodeManager::prepare_nodes [Info]: 
    Preparing 4 nodes for simulation.

Jan 16 10:37:00 SimulationManager::start_updating_ [Info]: 
    Number of local nodes: 4
    Simulation time (ms): 100
    Number of OpenMP threads: 1
    Not using MPI

Jan 16 10:37:00 SimulationManager::run [Info]: 
    Simulation finished.

Jan 16 10:37:00 SimulationManager::set_status [Info]: 
    Temporal resolution changed from 0.1 to 0.1 ms.

Jan 16 10:37:00 NodeManager::add_node [Info]: 
    Neuron models emitting precisely timed spikes exist: the kernel property 
    off_grid_spiking has been set to true.
    
    NOTE: Mixing precise-spiking and normal neuron models may lead to inconsistent results.

Jan 16 10:37:00 NodeManager::prepare_nodes [Info]: 
    Preparing 4 nodes for simulation.

Jan 16 10:37:00 SimulationManager::start_updating_ [Info]: 
    Number of local nodes: 4
    Simulation time (ms): 100
    Number of OpenMP threads: 1
    Not using MPI

Jan 16 10:37:00 SimulationManager::run [Info]: 
    Simulation finished.

Jan 16 10:37:00 correlospinmatrix_detector [Info]: 
    Default for delta_tau changed from 0.1 to 0.5 ms

Jan 16 10:37:00 SimulationManager::set_status [Info]: 
    Temporal resolution changed from 0.1 to 0.5 ms.

Jan 16 10:37:00 NodeManager::prepare_nodes [Info]: 
    Preparing 4 nodes for simulation.

Jan 16 10:37:00 SimulationManager::start_updating_ [Info]: 
    Number of local nodes: 4
    Simulation time (ms): 100
    Number of OpenMP threads: 1
    Not using MPI

Jan 16 10:37:00 SimulationManager::run [Info]: 
    Simulation finished.

Jan 16 10:37:00 correlospinmatrix_detector [Info]: 
    Default for delta_tau changed from 0.1 to 0.5 ms

Jan 16 10:37:00 SimulationManager::set_status [Info]: 
    Temporal resolution changed from 0.1 to 0.5 ms.

Jan 16 10:37:00 NodeManager::add_node [Info]: 
    Neuron models emitting precisely timed spikes exist: the kernel property 
    off_grid_spiking has been set to true.
    
    NOTE: Mixing precise-spiking and normal neuron models may lead to inconsistent results.

Jan 16 10:37:00 NodeManager::prepare_nodes [Info]: 
    Preparing 4 nodes for simulation.

Jan 16 10:37:00 SimulationManager::start_updating_ [Info]: 
    Number of local nodes: 4
    Simulation time (ms): 100
    Number of OpenMP threads: 1
    Not using MPI

Jan 16 10:37:00 SimulationManager::run [Info]: 
    Simulation finished.

Jan 16 10:37:00 correlation_detector [Info]: 
    Default for delta_tau changed from 0.5 to 5 ms

Jan 16 10:37:00 correlomatrix_detector [Info]: 
    Default for delta_tau changed from 0.5 to 5 ms

Jan 16 10:37:00 correlospinmatrix_detector [Info]: 
    Default for delta_tau changed from 0.1 to 1 ms

Jan 16 10:37:00 SimulationManager::set_status [Info]: 
    Temporal resolution changed from 0.1 to 1 ms.

Jan 16 10:37:00 NodeManager::prepare_nodes [Info]: 
    Preparing 4 nodes for simulation.

Jan 16 10:37:00 SimulationManager::start_updating_ [Info]: 
    Number of local nodes: 4
    Simulation time (ms): 100
    Number of OpenMP threads: 1
    Not using MPI

Jan 16 10:37:00 SimulationManager::run [Info]: 
    Simulation finished.

Jan 16 10:37:00 correlation_detector [Info]: 
    Default for delta_tau changed from 0.5 to 5 ms

Jan 16 10:37:00 correlomatrix_detector [Info]: 
    Default for delta_tau changed from 0.5 to 5 ms

Jan 16 10:37:00 correlospinmatrix_detector [Info]: 
    Default for delta_tau changed from 0.1 to 1 ms

Jan 16 10:37:00 SimulationManager::set_status [Info]: 
    Temporal resolution changed from 0.1 to 1 ms.

Jan 16 10:37:00 NodeManager::add_node [Info]: 
    Neuron models emitting precisely timed spikes exist: the kernel property 
    off_grid_spiking has been set to true.
    
    NOTE: Mixing precise-spiking and normal neuron models may lead to inconsistent results.

Jan 16 10:37:00 NodeManager::prepare_nodes [Info]: 
    Preparing 4 nodes for simulation.

Jan 16 10:37:00 SimulationManager::start_updating_ [Info]: 
    Number of local nodes: 4
    Simulation time (ms): 100
    Number of OpenMP threads: 1
    Not using MPI

Jan 16 10:37:00 SimulationManager::run [Info]: 
    Simulation finished.
Saved: precise_spiking_fig01.png

Generated 2 output files:
  - precise_spiking_fig01.png
  - run.log
