
              -- N E S T --
  Copyright (C) 2004 The NEST Initiative

 Version: 3.9.0-post0.dev0
 Built: Jan 15 2026 10:38:56

 This program is provided AS IS and comes with
 NO WARRANTY. See the file LICENSE for details.

 Problems or suggestions?
   Visit https://www.nest-simulator.org

 Type 'nest.help()' to find out more about NEST.


Jan 16 10:36:58 SimulationManager::set_status [Info]: 
    Temporal resolution changed from 0.1 to 0.1 ms.

Jan 16 10:36:58 NodeManager::prepare_nodes [Info]: 
    Preparing 5 nodes for simulation.

Jan 16 10:36:58 SimulationManager::start_updating_ [Info]: 
    Number of local nodes: 5
    Simulation time (ms): 430
    Number of OpenMP threads: 1
    Not using MPI

Jan 16 10:36:58 SimulationManager::run [Info]: 
    Simulation finished.

Jan 16 10:36:58 SimulationManager::set_status [Info]: 
    Temporal resolution changed from 0.1 to 0.1 ms.

Jan 16 10:36:58 NodeManager::prepare_nodes [Info]: 
    Preparing 5 nodes for simulation.

Jan 16 10:36:58 SimulationManager::start_updating_ [Info]: 
    Number of local nodes: 5
    Simulation time (ms): 230
    Number of OpenMP threads: 1
    Not using MPI

Jan 16 10:36:58 SimulationManager::run [Info]: 
    Simulation finished.

Jan 16 10:36:58 SimulationManager::set_status [Info]: 
    Temporal resolution changed from 0.1 to 0.1 ms.

Jan 16 10:36:58 NodeManager::prepare_nodes [Info]: 
    Preparing 5 nodes for simulation.

Jan 16 10:36:58 SimulationManager::start_updating_ [Info]: 
    Number of local nodes: 5
    Simulation time (ms): 163.3
    Number of OpenMP threads: 1
    Not using MPI

Jan 16 10:36:58 SimulationManager::run [Info]: 
    Simulation finished.

Jan 16 10:36:58 SimulationManager::set_status [Info]: 
    Temporal resolution changed from 0.1 to 0.1 ms.

Jan 16 10:36:58 NodeManager::prepare_nodes [Info]: 
    Preparing 5 nodes for simulation.

Jan 16 10:36:58 SimulationManager::start_updating_ [Info]: 
    Number of local nodes: 5
    Simulation time (ms): 130
    Number of OpenMP threads: 1
    Not using MPI

Jan 16 10:36:58 SimulationManager::run [Info]: 
    Simulation finished.

Jan 16 10:36:58 SimulationManager::set_status [Info]: 
    Temporal resolution changed from 0.1 to 0.1 ms.

Jan 16 10:36:58 NodeManager::prepare_nodes [Info]: 
    Preparing 5 nodes for simulation.

Jan 16 10:36:58 SimulationManager::start_updating_ [Info]: 
    Number of local nodes: 5
    Simulation time (ms): 110
    Number of OpenMP threads: 1
    Not using MPI

Jan 16 10:36:58 SimulationManager::run [Info]: 
    Simulation finished.

Jan 16 10:36:58 SimulationManager::set_status [Info]: 
    Temporal resolution changed from 0.1 to 0.1 ms.

Jan 16 10:36:58 NodeManager::prepare_nodes [Info]: 
    Preparing 5 nodes for simulation.

Jan 16 10:36:58 SimulationManager::start_updating_ [Info]: 
    Number of local nodes: 5
    Simulation time (ms): 640
    Number of OpenMP threads: 1
    Not using MPI

Jan 16 10:36:58 SimulationManager::run [Info]: 
    Simulation finished.

Jan 16 10:36:58 SimulationManager::set_status [Info]: 
    Temporal resolution changed from 0.1 to 0.1 ms.

Jan 16 10:36:58 NodeManager::prepare_nodes [Info]: 
    Preparing 5 nodes for simulation.

Jan 16 10:36:58 SimulationManager::start_updating_ [Info]: 
    Number of local nodes: 5
    Simulation time (ms): 340
    Number of OpenMP threads: 1
    Not using MPI

Jan 16 10:36:58 SimulationManager::run [Info]: 
    Simulation finished.

Jan 16 10:36:58 SimulationManager::set_status [Info]: 
    Temporal resolution changed from 0.1 to 0.1 ms.

Jan 16 10:36:58 NodeManager::prepare_nodes [Info]: 
    Preparing 5 nodes for simulation.

Jan 16 10:36:58 SimulationManager::start_updating_ [Info]: 
    Number of local nodes: 5
    Simulation time (ms): 240
    Number of OpenMP threads: 1
    Not using MPI

Jan 16 10:36:58 SimulationManager::run [Info]: 
    Simulation finished.

Jan 16 10:36:58 SimulationManager::set_status [Info]: 
    Temporal resolution changed from 0.1 to 0.1 ms.

Jan 16 10:36:58 NodeManager::prepare_nodes [Info]: 
    Preparing 5 nodes for simulation.

Jan 16 10:36:58 SimulationManager::start_updating_ [Info]: 
    Number of local nodes: 5
    Simulation time (ms): 190
    Number of OpenMP threads: 1
    Not using MPI

Jan 16 10:36:58 SimulationManager::run [Info]: 
    Simulation finished.

Jan 16 10:36:58 SimulationManager::set_status [Info]: 
    Temporal resolution changed from 0.1 to 0.1 ms.

Jan 16 10:36:58 NodeManager::prepare_nodes [Info]: 
    Preparing 5 nodes for simulation.

Jan 16 10:36:58 SimulationManager::start_updating_ [Info]: 
    Number of local nodes: 5
    Simulation time (ms): 160
    Number of OpenMP threads: 1
    Not using MPI

Jan 16 10:36:58 SimulationManager::run [Info]: 
    Simulation finished.
Saved: clopath_synapse_spike_pairing_fig01.png

Generated 2 output files:
  - clopath_synapse_spike_pairing_fig01.png
  - run.log
