
              -- N E S T --
  Copyright (C) 2004 The NEST Initiative

 Version: 3.9.0-post0.dev0
 Built: Jan 15 2026 10:38:56

 This program is provided AS IS and comes with
 NO WARRANTY. See the file LICENSE for details.

 Problems or suggestions?
   Visit https://www.nest-simulator.org

 Type 'nest.help()' to find out more about NEST.


Jan 16 10:38:27 NodeManager::prepare_nodes [Info]: 
    Preparing 5 nodes for simulation.

Jan 16 10:38:27 SimulationManager::start_updating_ [Info]: 
    Number of local nodes: 5
    Simulation time (ms): 500
    Number of OpenMP threads: 1
    Not using MPI

Jan 16 10:38:27 SimulationManager::run [Info]: 
    Simulation finished.

Jan 16 10:38:27 NodeManager::prepare_nodes [Info]: 
    Preparing 5 nodes for simulation.

Jan 16 10:38:27 SimulationManager::start_updating_ [Info]: 
    Number of local nodes: 5
    Simulation time (ms): 500
    Number of OpenMP threads: 1
    Not using MPI

Jan 16 10:38:27 SimulationManager::run [Info]: 
    Simulation finished.

Jan 16 10:38:27 NodeManager::prepare_nodes [Info]: 
    Preparing 5 nodes for simulation.

Jan 16 10:38:27 SimulationManager::start_updating_ [Info]: 
    Number of local nodes: 5
    Simulation time (ms): 500
    Number of OpenMP threads: 1
    Not using MPI

Jan 16 10:38:27 SimulationManager::run [Info]: 
    Simulation finished.

Jan 16 10:38:27 NodeManager::prepare_nodes [Info]: 
    Preparing 5 nodes for simulation.

Jan 16 10:38:27 SimulationManager::start_updating_ [Info]: 
    Number of local nodes: 5
    Simulation time (ms): 500
    Number of OpenMP threads: 1
    Not using MPI

Jan 16 10:38:27 SimulationManager::run [Info]: 
    Simulation finished.

Jan 16 10:38:27 NodeManager::prepare_nodes [Info]: 
    Preparing 5 nodes for simulation.

Jan 16 10:38:27 SimulationManager::start_updating_ [Info]: 
    Number of local nodes: 5
    Simulation time (ms): 500
    Number of OpenMP threads: 1
    Not using MPI

Jan 16 10:38:27 SimulationManager::run [Info]: 
    Simulation finished.

Jan 16 10:38:27 NodeManager::prepare_nodes [Info]: 
    Preparing 5 nodes for simulation.

Jan 16 10:38:27 SimulationManager::start_updating_ [Info]: 
    Number of local nodes: 5
    Simulation time (ms): 500
    Number of OpenMP threads: 1
    Not using MPI

Jan 16 10:38:27 SimulationManager::run [Info]: 
    Simulation finished.
Saved: evaluate_tsodyks2_synapse_fig01.png
Saved: evaluate_tsodyks2_synapse_fig02.png

Generated 3 output files:
  - evaluate_tsodyks2_synapse_fig01.png
  - evaluate_tsodyks2_synapse_fig02.png
  - run.log
