
              -- N E S T --
  Copyright (C) 2004 The NEST Initiative

 Version: 3.9.0-post0.dev0
 Built: Jan 15 2026 10:38:56

 This program is provided AS IS and comes with
 NO WARRANTY. See the file LICENSE for details.

 Problems or suggestions?
   Visit https://www.nest-simulator.org

 Type 'nest.help()' to find out more about NEST.


Jan 16 10:37:03 SimulationManager::set_status [Info]: 
    Temporal resolution changed from 0.1 to 0.001 ms.

Jan 16 10:37:03 NodeManager::prepare_nodes [Info]: 
    Preparing 3 nodes for simulation.

Jan 16 10:37:03 SimulationManager::start_updating_ [Info]: 
    Number of local nodes: 3
    Simulation time (ms): 100
    Number of OpenMP threads: 1
    Not using MPI

Jan 16 10:37:03 SimulationManager::run [Info]: 
    Simulation finished.

Jan 16 10:37:03 NodeManager::prepare_nodes [Info]: 
    Preparing 3 nodes for simulation.

Jan 16 10:37:03 SimulationManager::start_updating_ [Info]: 
    Number of local nodes: 3
    Simulation time (ms): 100
    Number of OpenMP threads: 1
    Not using MPI

Jan 16 10:37:03 SimulationManager::run [Info]: 
    Simulation finished.

Jan 16 10:37:03 SimulationManager::set_status [Info]: 
    Temporal resolution changed from 0.1 to 0.001 ms.

Jan 16 10:37:03 NodeManager::prepare_nodes [Info]: 
    Preparing 3 nodes for simulation.

Jan 16 10:37:03 SimulationManager::start_updating_ [Info]: 
    Number of local nodes: 3
    Simulation time (ms): 100
    Number of OpenMP threads: 1
    Not using MPI

Jan 16 10:37:03 SimulationManager::run [Info]: 
    Simulation finished.

Jan 16 10:37:03 NodeManager::prepare_nodes [Info]: 
    Preparing 3 nodes for simulation.

Jan 16 10:37:03 SimulationManager::start_updating_ [Info]: 
    Number of local nodes: 3
    Simulation time (ms): 100
    Number of OpenMP threads: 1
    Not using MPI

Jan 16 10:37:03 SimulationManager::run [Info]: 
    Simulation finished.

Jan 16 10:37:04 SimulationManager::set_status [Info]: 
    Temporal resolution changed from 0.1 to 0.001 ms.

Jan 16 10:37:04 NodeManager::prepare_nodes [Info]: 
    Preparing 3 nodes for simulation.

Jan 16 10:37:04 SimulationManager::start_updating_ [Info]: 
    Number of local nodes: 3
    Simulation time (ms): 100
    Number of OpenMP threads: 1
    Not using MPI

Jan 16 10:37:04 SimulationManager::run [Info]: 
    Simulation finished.

Jan 16 10:37:04 NodeManager::prepare_nodes [Info]: 
    Preparing 3 nodes for simulation.

Jan 16 10:37:04 SimulationManager::start_updating_ [Info]: 
    Number of local nodes: 3
    Simulation time (ms): 100
    Number of OpenMP threads: 1
    Not using MPI

Jan 16 10:37:04 SimulationManager::run [Info]: 
    Simulation finished.

Jan 16 10:37:04 SimulationManager::set_status [Info]: 
    Temporal resolution changed from 0.1 to 0.001 ms.

Jan 16 10:37:04 NodeManager::prepare_nodes [Info]: 
    Preparing 3 nodes for simulation.

Jan 16 10:37:04 SimulationManager::start_updating_ [Info]: 
    Number of local nodes: 3
    Simulation time (ms): 100
    Number of OpenMP threads: 1
    Not using MPI

Jan 16 10:37:04 SimulationManager::run [Info]: 
    Simulation finished.

Jan 16 10:37:04 NodeManager::prepare_nodes [Info]: 
    Preparing 3 nodes for simulation.

Jan 16 10:37:04 SimulationManager::start_updating_ [Info]: 
    Number of local nodes: 3
    Simulation time (ms): 100
    Number of OpenMP threads: 1
    Not using MPI

Jan 16 10:37:04 SimulationManager::run [Info]: 
    Simulation finished.

Jan 16 10:37:04 SimulationManager::set_status [Info]: 
    Temporal resolution changed from 0.1 to 0.001 ms.

Jan 16 10:37:04 NodeManager::prepare_nodes [Info]: 
    Preparing 3 nodes for simulation.

Jan 16 10:37:04 SimulationManager::start_updating_ [Info]: 
    Number of local nodes: 3
    Simulation time (ms): 100
    Number of OpenMP threads: 1
    Not using MPI

Jan 16 10:37:05 SimulationManager::run [Info]: 
    Simulation finished.

Jan 16 10:37:05 NodeManager::prepare_nodes [Info]: 
    Preparing 3 nodes for simulation.

Jan 16 10:37:05 SimulationManager::start_updating_ [Info]: 
    Number of local nodes: 3
    Simulation time (ms): 100
    Number of OpenMP threads: 1
    Not using MPI

Jan 16 10:37:05 SimulationManager::run [Info]: 
    Simulation finished.

Jan 16 10:37:05 SimulationManager::set_status [Info]: 
    Temporal resolution changed from 0.1 to 0.001 ms.

Jan 16 10:37:05 NodeManager::prepare_nodes [Info]: 
    Preparing 3 nodes for simulation.

Jan 16 10:37:05 SimulationManager::start_updating_ [Info]: 
    Number of local nodes: 3
    Simulation time (ms): 100
    Number of OpenMP threads: 1
    Not using MPI

Jan 16 10:37:05 SimulationManager::run [Info]: 
    Simulation finished.

Jan 16 10:37:05 NodeManager::prepare_nodes [Info]: 
    Preparing 3 nodes for simulation.

Jan 16 10:37:05 SimulationManager::start_updating_ [Info]: 
    Number of local nodes: 3
    Simulation time (ms): 100
    Number of OpenMP threads: 1
    Not using MPI

Jan 16 10:37:05 SimulationManager::run [Info]: 
    Simulation finished.

Jan 16 10:37:05 SimulationManager::set_status [Info]: 
    Temporal resolution changed from 0.1 to 0.001 ms.

Jan 16 10:37:05 NodeManager::prepare_nodes [Info]: 
    Preparing 3 nodes for simulation.

Jan 16 10:37:05 SimulationManager::start_updating_ [Info]: 
    Number of local nodes: 3
    Simulation time (ms): 100
    Number of OpenMP threads: 1
    Not using MPI

Jan 16 10:37:06 SimulationManager::run [Info]: 
    Simulation finished.

Jan 16 10:37:06 NodeManager::prepare_nodes [Info]: 
    Preparing 3 nodes for simulation.

Jan 16 10:37:06 SimulationManager::start_updating_ [Info]: 
    Number of local nodes: 3
    Simulation time (ms): 100
    Number of OpenMP threads: 1
    Not using MPI

Jan 16 10:37:06 SimulationManager::run [Info]: 
    Simulation finished.

Jan 16 10:37:06 SimulationManager::set_status [Info]: 
    Temporal resolution changed from 0.1 to 0.001 ms.

Jan 16 10:37:06 NodeManager::prepare_nodes [Info]: 
    Preparing 3 nodes for simulation.

Jan 16 10:37:06 SimulationManager::start_updating_ [Info]: 
    Number of local nodes: 3
    Simulation time (ms): 100
    Number of OpenMP threads: 1
    Not using MPI

Jan 16 10:37:06 SimulationManager::run [Info]: 
    Simulation finished.

Jan 16 10:37:06 NodeManager::prepare_nodes [Info]: 
    Preparing 3 nodes for simulation.

Jan 16 10:37:06 SimulationManager::start_updating_ [Info]: 
    Number of local nodes: 3
    Simulation time (ms): 100
    Number of OpenMP threads: 1
    Not using MPI

Jan 16 10:37:06 SimulationManager::run [Info]: 
    Simulation finished.

Jan 16 10:37:06 SimulationManager::set_status [Info]: 
    Temporal resolution changed from 0.1 to 0.001 ms.

Jan 16 10:37:06 NodeManager::prepare_nodes [Info]: 
    Preparing 3 nodes for simulation.

Jan 16 10:37:06 SimulationManager::start_updating_ [Info]: 
    Number of local nodes: 3
    Simulation time (ms): 100
    Number of OpenMP threads: 1
    Not using MPI

Jan 16 10:37:07 SimulationManager::run [Info]: 
    Simulation finished.

Jan 16 10:37:07 NodeManager::prepare_nodes [Info]: 
    Preparing 3 nodes for simulation.

Jan 16 10:37:07 SimulationManager::start_updating_ [Info]: 
    Number of local nodes: 3
    Simulation time (ms): 100
    Number of OpenMP threads: 1
    Not using MPI

Jan 16 10:37:07 SimulationManager::run [Info]: 
    Simulation finished.
Saved: rate_neuron_dm_fig01.png

Generated 2 output files:
  - rate_neuron_dm_fig01.png
  - run.log
