
              -- N E S T --
  Copyright (C) 2004 The NEST Initiative

 Version: 3.9.0-post0.dev0
 Built: Jan 15 2026 10:38:56

 This program is provided AS IS and comes with
 NO WARRANTY. See the file LICENSE for details.

 Problems or suggestions?
   Visit https://www.nest-simulator.org

 Type 'nest.help()' to find out more about NEST.


Jan 16 10:37:18 SetStatus [Error]: 
    Variable data_path not set: Directory '' does not exist.

Jan 16 10:37:18 NodeManager::prepare_nodes [Info]: 
    Preparing 4 nodes for simulation.

Jan 16 10:37:18 SimulationManager::start_updating_ [Info]: 
    Number of local nodes: 4
    Simulation time (ms): 100
    Number of OpenMP threads: 1
    Not using MPI

Jan 16 10:37:18 SimulationManager::run [Info]: 
    Simulation finished.
iaf_cond_alpha recordables: ('g_ex', 'g_in', 't_ref_remaining', 'V_m')
Saved: multimeter_file_fig01.png

Generated 2 output files:
  - multimeter_file_fig01.png
  - run.log
