
              -- N E S T --
  Copyright (C) 2004 The NEST Initiative

 Version: 3.9.0-post0.dev0
 Built: Jan 15 2026 10:38:56

 This program is provided AS IS and comes with
 NO WARRANTY. See the file LICENSE for details.

 Problems or suggestions?
   Visit https://www.nest-simulator.org

 Type 'nest.help()' to find out more about NEST.


Jan 16 10:38:04 SimulationManager::set_status [Info]: 
    Temporal resolution changed from 0.1 to 0.05 ms.

Jan 16 10:38:04 NodeManager::prepare_nodes [Info]: 
    Preparing 12 nodes for simulation.

Jan 16 10:38:04 SimulationManager::start_updating_ [Info]: 
    Number of local nodes: 12
    Simulation time (ms): 1000
    Number of OpenMP threads: 1
    Not using MPI

Jan 16 10:38:04 SimulationManager::run [Info]: 
    Simulation finished.
Saved: glif_psc_neuron_fig01.png
Saved: glif_psc_neuron_fig02.png
Saved: glif_psc_neuron_fig03.png
Saved: glif_psc_neuron_fig04.png
Saved: glif_psc_neuron_fig05.png

Generated 6 output files:
  - glif_psc_neuron_fig01.png
  - glif_psc_neuron_fig02.png
  - glif_psc_neuron_fig03.png
  - glif_psc_neuron_fig04.png
  - glif_psc_neuron_fig05.png
  - run.log
