
              -- N E S T --
  Copyright (C) 2004 The NEST Initiative

 Version: 3.9.0-post0.dev0
 Built: Jan 15 2026 10:38:56

 This program is provided AS IS and comes with
 NO WARRANTY. See the file LICENSE for details.

 Problems or suggestions?
   Visit https://www.nest-simulator.org

 Type 'nest.help()' to find out more about NEST.


Jan 16 10:37:17 NodeManager::prepare_nodes [Info]: 
    Preparing 11 nodes for simulation.

Jan 16 10:37:17 SimulationManager::start_updating_ [Info]: 
    Number of local nodes: 11
    Simulation time (ms): 700
    Number of OpenMP threads: 1
    Not using MPI

Jan 16 10:37:17 SimulationManager::run [Info]: 
    Simulation finished.

Jan 16 10:37:17 NodeManager::prepare_nodes [Info]: 
    Preparing 11 nodes for simulation.

Jan 16 10:37:17 SimulationManager::start_updating_ [Info]: 
    Number of local nodes: 11
    Simulation time (ms): 300
    Number of OpenMP threads: 1
    Not using MPI

Jan 16 10:37:17 SimulationManager::run [Info]: 
    Simulation finished.
iaf_cond_alpha_mc receptor_types: {'distal_curr': 9, 'distal_exc': 5, 'distal_inh': 6, 'proximal_curr': 8, 'proximal_exc': 3, 'proximal_inh': 4, 'soma_curr': 7, 'soma_exc': 1, 'soma_inh': 2}
iaf_cond_alpha_mc recordables   : ('t_ref_remaining', 'V_m.s', 'g_ex.s', 'g_in.s', 'V_m.p', 'g_ex.p', 'g_in.p', 'V_m.d', 'g_ex.d', 'g_in.d')
Saved: mc_neuron_fig01.png

Generated 2 output files:
  - mc_neuron_fig01.png
  - run.log
