
              -- N E S T --
  Copyright (C) 2004 The NEST Initiative

 Version: 3.9.0-post0.dev0
 Built: Jan 15 2026 10:38:56

 This program is provided AS IS and comes with
 NO WARRANTY. See the file LICENSE for details.

 Problems or suggestions?
   Visit https://www.nest-simulator.org

 Type 'nest.help()' to find out more about NEST.

Scanning phase space

Vm:  	 -100.0
new Vm:	 1.4727398175805178
Act_n: 0.1
new Act_n: -0.0014210834107191844

Vm:  	 -100.0
new Vm:	 1.5867667913396701
Act_n: 0.19999999999999996
new Act_n: -0.0033687136349885294

Vm:  	 -100.0
new Vm:	 2.073446573665848
Act_n: 0.29999999999999993
new Act_n: -0.005294635541908788

Vm:  	 -100.0
new Vm:	 3.3295103068571876
Act_n: 0.3999999999999998
new Act_n: -0.007161856417453705

Vm:  	 -100.0
new Vm:	 5.739746311077141
Act_n: 0.4999999999999998
new Act_n: -0.008913977881446489

Vm:  	 -100.0
new Vm:	 9.402672789697917
Act_n: 0.5999999999999998
new Act_n: -0.010492779851642542

Vm:  	 -100.0
new Vm:	 13.847800735392966
Act_n: 0.6999999999999996
new Act_n: -0.01187528025071627

Vm:  	 -100.0
new Vm:	 18.05247859201522
Act_n: 0.7999999999999996
new Act_n: -0.013110910960761557

Vm:  	 -98.0
new Vm:	 1.4984065110362508
Act_n: 0.18999999999999995
new Act_n: -0.003015645433105535

Vm:  	 -98.0
new Vm:	 1.8936468335068781
Act_n: 0.2899999999999999
new Act_n: -0.004909444485684977

Vm:  	 -98.0
new Vm:	 2.951893049523548
Act_n: 0.3899999999999999
new Act_n: -0.006753719850821571

Vm:  	 -98.0
new Vm:	 5.034302257107811
Act_n: 0.48999999999999977
new Act_n: -0.008499234103071962

Vm:  	 -98.0
new Vm:	 8.269199424215842
Act_n: 0.5899999999999997
new Act_n: -0.010093187635687673

Vm:  	 -98.0
new Vm:	 12.28172802033609
Act_n: 0.6899999999999997
new Act_n: -0.011511489465646174

Vm:  	 -98.0
new Vm:	 16.18038097518931
Act_n: 0.7899999999999996
new Act_n: -0.012792026824180902

Vm:  	 -96.0
new Vm:	 1.4172470898699174
Act_n: 0.17999999999999997
new Act_n: -0.0026604828564193717

Vm:  	 -96.0
new Vm:	 1.7335336624959865
Act_n: 0.2799999999999999
new Act_n: -0.004523795941783648

Vm:  	 -96.0
new Vm:	 2.614038962565772
Act_n: 0.3799999999999999
new Act_n: -0.006345592416950707

Vm:  	 -96.0
new Vm:	 4.393237273186898
Act_n: 0.47999999999999976
new Act_n: -0.008083225477761302

Vm:  	 -96.0
new Vm:	 7.215700243748998
Act_n: 0.5799999999999997
new Act_n: -0.009689999768289992

Vm:  	 -96.0
new Vm:	 10.79755713605617
Act_n: 0.6799999999999997
new Act_n: -0.011141166192084717

Vm:  	 -96.0
new Vm:	 14.365740192904184
Act_n: 0.7799999999999997
new Act_n: -0.012465857005866554

Vm:  	 -94.0
new Vm:	 1.3413906151527328
Act_n: 0.16999999999999998
new Act_n: -0.002301002631888288

Vm:  	 -94.0
new Vm:	 1.5902780331423543
Act_n: 0.2699999999999999
new Act_n: -0.004135767541011359

Vm:  	 -94.0
new Vm:	 2.3122978132405763
Act_n: 0.3699999999999999
new Act_n: -0.005935991176693023

Vm:  	 -94.0
new Vm:	 3.8095291457099307
Act_n: 0.46999999999999986
new Act_n: -0.007665412744355837

Vm:  	 -94.0
new Vm:	 6.240558498783642
Act_n: 0.5699999999999997
new Act_n: -0.009282758290921733

Vm:  	 -94.0
new Vm:	 9.3930201391439
Act_n: 0.6699999999999997
new Act_n: -0.010764530176265441

Vm:  	 -94.0
new Vm:	 12.612177938461116
Act_n: 0.7699999999999997
new Act_n: -0.012132318417974797

Vm:  	 -92.0
new Vm:	 1.2706093598870325
Act_n: 0.15999999999999998
new Act_n: -0.001934715777949264

Vm:  	 -92.0
new Vm:	 1.4625153278434766
Act_n: 0.2599999999999999
new Act_n: -0.003743160983713134

Vm:  	 -92.0
new Vm:	 2.0440928436599677
Act_n: 0.3599999999999999
new Act_n: -0.005523153964505589

Vm:  	 -92.0
new Vm:	 3.283567518844734
Act_n: 0.45999999999999985
new Act_n: -0.007244205839560092

Vm:  	 -92.0
new Vm:	 5.341496339016757
Act_n: 0.5599999999999997
new Act_n: -0.008870857377644703

Vm:  	 -92.0
new Vm:	 8.070204164537898
Act_n: 0.6599999999999997
new Act_n: -0.010381236874449029

Vm:  	 -92.0
new Vm:	 10.923246490140173
Act_n: 0.7599999999999997
new Act_n: -0.011791109215723461

Vm:  	 -90.0
new Vm:	 1.2038365189060585
Act_n: 0.14999999999999997
new Act_n: -0.0015589132409775386

Vm:  	 -90.0
new Vm:	 1.3481145937554544
Act_n: 0.24999999999999992
new Act_n: -0.0033435627891444664

Vm:  	 -90.0
new Vm:	 1.8062019940172007
Act_n: 0.34999999999999987
new Act_n: -0.005105096262480735

Vm:  	 -90.0
new Vm:	 2.810526362687952
Act_n: 0.44999999999999984
new Act_n: -0.00681831735367483

Vm:  	 -90.0
new Vm:	 4.5159482490403065
Act_n: 0.5499999999999998
new Act_n: -0.008453462845035009

Vm:  	 -90.0
new Vm:	 6.826721863865501
Act_n: 0.6499999999999997
new Act_n: -0.00999106686366602

Vm:  	 -90.0
new Vm:	 9.302044512157039
Act_n: 0.7499999999999997
new Act_n: -0.011441991349263048

Vm:  	 -88.0
new Vm:	 1.154690200869851
Act_n: 0.13999999999999999
new Act_n: -0.001170416227656429

Vm:  	 -88.0
new Vm:	 1.259785049633777
Act_n: 0.23999999999999994
new Act_n: -0.0029340562378797064

Vm:  	 -88.0
new Vm:	 1.6104551647764396
Act_n: 0.33999999999999986
new Act_n: -0.004679272051966499

Vm:  	 -88.0
new Vm:	 2.3887345990471545
Act_n: 0.43999999999999984
new Act_n: -0.006385926924480589

Vm:  	 -88.0
new Vm:	 3.7682578525635364
Act_n: 0.5399999999999998
new Act_n: -0.008029220937897596

Vm:  	 -88.0
new Vm:	 5.664360698772995
Act_n: 0.6399999999999997
new Act_n: -0.009593303234734396

Vm:  	 -88.0
new Vm:	 7.751444536021438
Act_n: 0.7399999999999997
new Act_n: -0.011084621742498468

Vm:  	 -86.0
new Vm:	 1.0819248969620219
Act_n: 0.13
new Act_n: -0.0007666600100768028

Vm:  	 -86.0
new Vm:	 1.155143316759677
Act_n: 0.22999999999999995
new Act_n: -0.0025124510103336217

Vm:  	 -86.0
new Vm:	 1.4127905398925265
Act_n: 0.32999999999999985
new Act_n: -0.004243996893817437

Vm:  	 -86.0
new Vm:	 2.0123400836617833
Act_n: 0.4299999999999998
new Act_n: -0.005945378993177597

Vm:  	 -86.0
new Vm:	 3.0782253749189294
Act_n: 0.5299999999999998
new Act_n: -0.0075975458592086875

Vm:  	 -86.0
new Vm:	 4.58260831526276
Act_n: 0.6299999999999997
new Act_n: -0.009187215424911077

Vm:  	 -86.0
new Vm:	 6.273831791949561
Act_n: 0.7299999999999996
new Act_n: -0.010718636926156377

Vm:  	 -84.0
new Vm:	 1.0210134262057835
Act_n: 0.12
new Act_n: -0.00034376231428163984

Vm:  	 -84.0
new Vm:	 1.068884053974088
Act_n: 0.21999999999999995
new Act_n: -0.0020751049453789083

Vm:  	 -84.0
new Vm:	 1.2472546520679373
Act_n: 0.3199999999999999
new Act_n: -0.0037959591664399883

Vm:  	 -84.0
new Vm:	 1.6755889085638245
Act_n: 0.4199999999999998
new Act_n: -0.005494470652167016

Vm:  	 -84.0
new Vm:	 2.454771426230934
Act_n: 0.5199999999999998
new Act_n: -0.007156481895325473

Vm:  	 -84.0
new Vm:	 3.5803623587637077
Act_n: 0.6199999999999998
new Act_n: -0.008771895168613764

Vm:  	 -84.0
new Vm:	 4.871386946310707
Act_n: 0.7199999999999996
new Act_n: -0.010343408164957824

Vm:  	 -82.0
new Vm:	 0.9643820902616227
Act_n: 0.11
new Act_n: 0.00010191468901890599

Vm:  	 -82.0
new Vm:	 0.9925417433159964
Act_n: 0.20999999999999996
new Act_n: -0.001618686142407899

Vm:  	 -82.0
new Vm:	 1.104152113371697
Act_n: 0.30999999999999994
new Act_n: -0.003332217597790066

Vm:  	 -82.0
new Vm:	 1.3810890658663908
Act_n: 0.4099999999999998
new Act_n: -0.005030589646333905

Vm:  	 -82.0
new Vm:	 1.8966359925868943
Act_n: 0.5099999999999998
new Act_n: -0.006704216532977592

Vm:  	 -82.0
new Vm:	 2.656366660676184
Act_n: 0.6099999999999998
new Act_n: -0.008346220022504958

Vm:  	 -82.0
new Vm:	 3.5459975165423288
Act_n: 0.7099999999999996
new Act_n: -0.009958237100628597

Vm:  	 -80.0
new Vm:	 0.910431118314122
Act_n: 0.1
new Act_n: 0.0005742110009522849

Vm:  	 -80.0
new Vm:	 0.9229412837416362
Act_n: 0.19999999999999996
new Act_n: -0.0011396115610689816

Vm:  	 -80.0
new Vm:	 0.9791539944484242
Act_n: 0.29999999999999993
new Act_n: -0.0028495616318046646

Vm:  	 -80.0
new Vm:	 1.1234283594027659
Act_n: 0.3999999999999998
new Act_n: -0.004551037223579024

Vm:  	 -80.0
new Vm:	 1.398067198336804
Act_n: 0.4999999999999998
new Act_n: -0.006238717403751648

Vm:  	 -80.0
new Vm:	 1.8098481663664643
Act_n: 0.5999999999999998
new Act_n: -0.007908836378872075

Vm:  	 -80.0
new Vm:	 2.298915197471743
Act_n: 0.6999999999999996
new Act_n: -0.009562336434936425

Vm:  	 -80.0
new Vm:	 2.7416375393365513
Act_n: 0.7999999999999996
new Act_n: -0.011206847609360415

Vm:  	 -78.0
new Vm:	 0.8585945573660609
Act_n: 0.18999999999999995
new Act_n: -0.0006340860378479807

Vm:  	 -78.0
new Vm:	 0.8696707353409892
Act_n: 0.2899999999999999
new Act_n: -0.002344551905772707

Vm:  	 -78.0
new Vm:	 0.89895974294582
Act_n: 0.3899999999999999
new Act_n: -0.004052855804609068

Vm:  	 -78.0
new Vm:	 0.9551326396655071
Act_n: 0.48999999999999977
new Act_n: -0.005757673690207077

Vm:  	 -78.0
new Vm:	 1.0379838982528184
Act_n: 0.5899999999999997
new Act_n: -0.007458156391847215

Vm:  	 -78.0
new Vm:	 1.1310846600482165
Act_n: 0.6899999999999997
new Act_n: -0.009154710109622433

Vm:  	 -78.0
new Vm:	 1.2021603785120192
Act_n: 0.7899999999999996
new Act_n: -0.010849437220344593

Vm:  	 -76.0
new Vm:	 0.7985790395319299
Act_n: 0.17999999999999997
new Act_n: -9.813601688238305e-05

Vm:  	 -76.0
new Vm:	 0.7737172004057555
Act_n: 0.2799999999999999
new Act_n: -0.0018135533903296808

Vm:  	 -76.0
new Vm:	 0.7046220803864003
Act_n: 0.3799999999999999
new Act_n: -0.0035328575106601257

Vm:  	 -76.0
new Vm:	 0.5644027407298466
Act_n: 0.47999999999999976
new Act_n: -0.005258514241246182

Vm:  	 -76.0
new Vm:	 0.33845863883784943
Act_n: 0.5799999999999997
new Act_n: -0.0069923421954012355

Vm:  	 -76.0
new Vm:	 0.042927971204989035
Act_n: 0.6799999999999997
new Act_n: -0.008734214875489088

Vm:  	 -76.0
new Vm:	 -0.27006311815122785
Act_n: 0.7799999999999997
new Act_n: -0.01048113216865909

Vm:  	 -74.0
new Vm:	 0.742204845313907
Act_n: 0.16999999999999998
new Act_n: 0.0004723533504680799

Vm:  	 -74.0
new Vm:	 0.6895780777646792
Act_n: 0.2699999999999999
new Act_n: -0.001252771279547149

Vm:  	 -74.0
new Vm:	 0.5375953215692277
Act_n: 0.3699999999999999
new Act_n: -0.0029876549672788744

Vm:  	 -74.0
new Vm:	 0.22255826546933122
Act_n: 0.46999999999999986
new Act_n: -0.004738426298833975

Vm:  	 -74.0
new Vm:	 -0.29109776613262284
Act_n: 0.5699999999999997
new Act_n: -0.006509308358145671

Vm:  	 -74.0
new Vm:	 -0.9652375655568619
Act_n: 0.6699999999999997
new Act_n: -0.008299411262779333

Vm:  	 -74.0
new Vm:	 -1.6713862313537362
Act_n: 0.7699999999999997
new Act_n: -0.010101167808120204

Vm:  	 -72.0
new Vm:	 0.6889250372477989
Act_n: 0.15999999999999998
new Act_n: 0.001081595038219696

Vm:  	 -72.0
new Vm:	 0.6157216282665701
Act_n: 0.2599999999999999
new Act_n: -0.0006582928243203945

Vm:  	 -72.0
new Vm:	 0.3952195711199522
Act_n: 0.3599999999999999
new Act_n: -0.002413698429932387

Vm:  	 -72.0
new Vm:	 -0.07369569521422648
Act_n: 0.45999999999999985
new Act_n: -0.004194380199378067

Vm:  	 -72.0
new Vm:	 -0.8532551970856872
Act_n: 0.5599999999999997
new Act_n: -0.006006727544647372

Vm:  	 -72.0
new Vm:	 -1.8938167013501896
Act_n: 0.6599999999999997
new Act_n: -0.0078488364109911

Vm:  	 -72.0
new Vm:	 -2.9996572283048266
Act_n: 0.7599999999999997
new Act_n: -0.00970848173498895

Vm:  	 -70.0
new Vm:	 0.6383167375907561
Act_n: 0.14999999999999997
new Act_n: 0.001733850478640414

Vm:  	 -70.0
new Vm:	 0.550785513842996
Act_n: 0.24999999999999992
new Act_n: -2.6135705700119916e-05

Vm:  	 -70.0
new Vm:	 0.27499136704798843
Act_n: 0.34999999999999987
new Act_n: -0.0018073203256804282

Vm:  	 -70.0
new Vm:	 -0.3276222975310219
Act_n: 0.44999999999999984
new Act_n: -0.0036231621094119926

Vm:  	 -70.0
new Vm:	 -1.3507871426161984
Act_n: 0.5499999999999998
new Act_n: -0.005482042667638298

Vm:  	 -70.0
new Vm:	 -2.7431097635880377
Act_n: 0.6499999999999997
new Act_n: -0.007380721516019095

Vm:  	 -70.0
new Vm:	 -4.252393999702846
Act_n: 0.7499999999999997
new Act_n: -0.009301956357744556

Vm:  	 -68.0
new Vm:	 0.5900803677378548
Act_n: 0.13999999999999999
new Act_n: 0.0024333740334583354

Vm:  	 -68.0
new Vm:	 0.49358055440440296
Act_n: 0.23999999999999994
new Act_n: 0.0006476976475384144

Vm:  	 -68.0
new Vm:	 0.1745787807768977
Act_n: 0.33999999999999986
new Act_n: -0.0011647869497187768

Vm:  	 -68.0
new Vm:	 -0.542421648647732
Act_n: 0.43999999999999984
new Act_n: -0.003021415363442692

Vm:  	 -68.0
new Vm:	 -1.7866330445029348
Act_n: 0.5399999999999998
new Act_n: -0.004932487192775836

Vm:  	 -68.0
new Vm:	 -3.5145371744405622
Act_n: 0.6399999999999997
new Act_n: -0.006892968111883224

Vm:  	 -68.0
new Vm:	 -5.42766562101508
Act_n: 0.7399999999999997
new Act_n: -0.008880289300187694

Vm:  	 -66.0
new Vm:	 0.5440420647825306
Act_n: 0.13
new Act_n: 0.0031843529061315323

Vm:  	 -66.0
new Vm:	 0.44309701513145683
Act_n: 0.22999999999999995
new Act_n: 0.0013671611110085413

Vm:  	 -66.0
new Vm:	 0.09183851315142988
Act_n: 0.32999999999999985
new Act_n: -0.00048235622753156626

Vm:  	 -66.0
new Vm:	 -0.721196465936174
Act_n: 0.4299999999999998
new Act_n: -0.002385690073978819

Vm:  	 -66.0
new Vm:	 -2.16385156429412
Act_n: 0.5299999999999998
new Act_n: -0.00435511440523817

Vm:  	 -66.0
new Vm:	 -4.209294702597802
Act_n: 0.6299999999999997
new Act_n: -0.00638339158283574

Vm:  	 -66.0
new Vm:	 -6.523869954683903
Act_n: 0.7299999999999996
new Act_n: -0.008442015449755202

Vm:  	 -64.0
new Vm:	 0.5001557244532862
Act_n: 0.12
new Act_n: 0.003990844292493412

Vm:  	 -64.0
new Vm:	 0.39850978240960444
Act_n: 0.21999999999999995
new Act_n: 0.002136103122930111

Vm:  	 -64.0
new Vm:	 0.02483094756087212
Act_n: 0.3199999999999999
new Act_n: 0.00024366017738103318

Vm:  	 -64.0
new Vm:	 -0.8669199535907666
Act_n: 0.4199999999999998
new Act_n: -0.0017124999621602188

Vm:  	 -64.0
new Vm:	 -2.485573829616058
Act_n: 0.5199999999999998
new Act_n: -0.003746835821068606

Vm:  	 -64.0
new Vm:	 -4.829034785002804
Act_n: 0.6199999999999998
new Act_n: -0.005849572999664154

Vm:  	 -64.0
new Vm:	 -7.53986658763381
Act_n: 0.7199999999999996
new Act_n: -0.007985494160975382

Vm:  	 -62.0
new Vm:	 0.45850424680960344
Act_n: 0.11
new Act_n: 0.004856711940856781

Vm:  	 -62.0
new Vm:	 0.3591820164334152
Act_n: 0.20999999999999996
new Act_n: 0.0029582043722528595

Vm:  	 -62.0
new Vm:	 -0.028167334835650593
Act_n: 0.30999999999999994
new Act_n: 0.0010168326361378321

Vm:  	 -62.0
new Vm:	 -0.9824067152431439
Act_n: 0.4099999999999998
new Act_n: -0.000998384700710675

Vm:  	 -62.0
new Vm:	 -2.754958425361906
Act_n: 0.5099999999999998
new Act_n: -0.0031044683202711143

Vm:  	 -62.0
new Vm:	 -5.375685104948971
Act_n: 0.6099999999999998
new Act_n: -0.005288909742267367

Vm:  	 -62.0
new Vm:	 -8.474659823265057
Act_n: 0.7099999999999996
new Act_n: -0.007508896442195656

Vm:  	 -60.0
new Vm:	 0.4193066113569728
Act_n: 0.1
new Act_n: 0.005785560080017169

Vm:  	 -60.0
new Vm:	 0.3246675187126442
Act_n: 0.19999999999999996
new Act_n: 0.003836917383327587

Vm:  	 -60.0
new Vm:	 -0.06865334952128421
Act_n: 0.29999999999999993
new Act_n: 0.0018405497994561926

Vm:  	 -60.0
new Vm:	 -1.0702865763971658
Act_n: 0.3999999999999998
new Act_n: -0.00023997547641629868

Vm:  	 -60.0
new Vm:	 -2.975148128453476
Act_n: 0.4999999999999998
new Act_n: -0.0024247889401162737

Vm:  	 -60.0
new Vm:	 -5.851409609959447
Act_n: 0.5999999999999998
new Act_n: -0.004698643302522676

Vm:  	 -60.0
new Vm:	 -9.32789628446325
Act_n: 0.6999999999999996
new Act_n: -0.007010210147823992

Vm:  	 -60.0
new Vm:	 -12.630354604658436
Act_n: 0.7999999999999996
new Act_n: -0.009294156726930791

Vm:  	 -58.0
new Vm:	 0.29471198204890925
Act_n: 0.18999999999999995
new Act_n: 0.004775410536563801

Vm:  	 -58.0
new Vm:	 -0.09788964741681383
Act_n: 0.2899999999999999
new Act_n: 0.002717958094901829

Vm:  	 -58.0
new Vm:	 -1.1329812358755333
Act_n: 0.3899999999999999
new Act_n: 0.0005659389813985616

Vm:  	 -58.0
new Vm:	 -3.1492283104992893
Act_n: 0.48999999999999977
new Act_n: -0.0017045956152428876

Vm:  	 -58.0
new Vm:	 -6.259135714083186
Act_n: 0.5899999999999997
new Act_n: -0.004075876267467082

Vm:  	 -58.0
new Vm:	 -10.099507262309473
Act_n: 0.6899999999999997
new Act_n: -0.006487246748947406

Vm:  	 -58.0
new Vm:	 -13.838392547397902
Act_n: 0.7899999999999996
new Act_n: -0.008862707412928605

Vm:  	 -56.0
new Vm:	 0.26925305247531384
Act_n: 0.17999999999999997
new Act_n: 0.005776518947867154

Vm:  	 -56.0
new Vm:	 -0.1168984738180896
Act_n: 0.2799999999999999
new Act_n: 0.003651907232522289

Vm:  	 -56.0
new Vm:	 -1.172683932637156
Act_n: 0.3799999999999999
new Act_n: 0.0014223489351406493

Vm:  	 -56.0
new Vm:	 -3.280187273179351
Act_n: 0.47999999999999976
new Act_n: -0.0009407715420907681

Vm:  	 -56.0
new Vm:	 -6.600242065931859
Act_n: 0.5799999999999997
new Act_n: -0.0034176879331646592

Vm:  	 -56.0
new Vm:	 -10.789780822510153
Act_n: 0.6799999999999997
new Act_n: -0.0059376517296312326

Vm:  	 -56.0
new Vm:	 -14.968462677395337
Act_n: 0.7799999999999997
new Act_n: -0.008412405536029621

Vm:  	 -54.0
new Vm:	 0.24841888291710035
Act_n: 0.16999999999999998
new Act_n: 0.006842704320799919

Vm:  	 -54.0
new Vm:	 -0.12645847315707215
Act_n: 0.2699999999999999
new Act_n: 0.004644904224575475

Vm:  	 -54.0
new Vm:	 -1.1913425911085511
Act_n: 0.3699999999999999
new Act_n: 0.0023319658027584067

Vm:  	 -54.0
new Vm:	 -3.3708791623419003
Act_n: 0.46999999999999986
new Act_n: -0.0001303503521521976

Vm:  	 -54.0
new Vm:	 -6.8779102130294305
Act_n: 0.5699999999999997
new Act_n: -0.0027210855826765856

Vm:  	 -54.0
new Vm:	 -11.399338105473504
Act_n: 0.6699999999999997
new Act_n: -0.005358923237664626

Vm:  	 -54.0
new Vm:	 -16.01821480983007
Act_n: 0.7699999999999997
new Act_n: -0.0079415162264459

Vm:  	 -52.0
new Vm:	 0.23252464414809992
Act_n: 0.15999999999999998
new Act_n: 0.007976025402833348

Vm:  	 -52.0
new Vm:	 -0.12710447499366495
Act_n: 0.2599999999999999
new Act_n: 0.005699077959331278

Vm:  	 -52.0
new Vm:	 -1.1906471388771749
Act_n: 0.3599999999999999
new Act_n: 0.0032971727914468674

Vm:  	 -52.0
new Vm:	 -3.4239904382122575
Act_n: 0.45999999999999985
new Act_n: 0.0007294210240820775

Vm:  	 -52.0
new Vm:	 -7.094815325012199
Act_n: 0.5599999999999997
new Act_n: -0.0019831249643933457

Vm:  	 -52.0
new Vm:	 -11.929103245835186
Act_n: 0.6599999999999997
new Act_n: -0.0047484379920352815

Vm:  	 -52.0
new Vm:	 -16.98576401599763
Act_n: 0.7599999999999997
new Act_n: -0.00744815686567768

Vm:  	 -50.0
new Vm:	 0.22206630498217805
Act_n: 0.14999999999999997
new Act_n: 0.009178120060650635

Vm:  	 -50.0
new Vm:	 -0.11913104080253589
Act_n: 0.24999999999999992
new Act_n: 0.006816155726847045

Vm:  	 -50.0
new Vm:	 -1.1720218500904593
Act_n: 0.34999999999999987
new Act_n: 0.00431998635664832

Vm:  	 -50.0
new Vm:	 -3.442011137414511
Act_n: 0.44999999999999984
new Act_n: 0.0016410249723943227

Vm:  	 -50.0
new Vm:	 -7.2536419203143225
Act_n: 0.5499999999999998
new Act_n: -0.001200954307490898

Vm:  	 -50.0
new Vm:	 -12.380267662787936
Act_n: 0.6499999999999997
new Act_n: -0.004103484443774841

Vm:  	 -50.0
new Vm:	 -17.86915798240119
Act_n: 0.7499999999999997
new Act_n: -0.006930281451420273

Vm:  	 -48.0
new Vm:	 0.21771092251328383
Act_n: 0.13999999999999999
new Act_n: 0.010450199296473311

Vm:  	 -48.0
new Vm:	 -0.10260050651096009
Act_n: 0.23999999999999994
new Act_n: 0.007997452339032068

Vm:  	 -48.0
new Vm:	 -1.136623630328181
Act_n: 0.33999999999999986
new Act_n: 0.005402030140387704

Vm:  	 -48.0
new Vm:	 -3.427212324774345
Act_n: 0.43999999999999984
new Act_n: 0.0026066242278500185

Vm:  	 -48.0
new Vm:	 -7.356247038832649
Act_n: 0.5399999999999998
new Act_n: -0.00037195992617899964

Vm:  	 -48.0
new Vm:	 -12.754249928274284
Act_n: 0.6399999999999997
new Act_n: -0.0034213027644577343

Vm:  	 -48.0
new Vm:	 -18.66712943878788
Act_n: 0.7399999999999997
new Act_n: -0.006385710932780175

Vm:  	 -46.0
new Vm:	 0.2202827094823121
Act_n: 0.13
new Act_n: 0.011793052824684624

Vm:  	 -46.0
new Vm:	 -0.07735620582069913
Act_n: 0.22999999999999995
new Act_n: 0.009243871694979394

Vm:  	 -46.0
new Vm:	 -1.0853471001613784
Act_n: 0.32999999999999985
new Act_n: 0.006544522198749125

Vm:  	 -46.0
new Vm:	 -3.3816311662548983
Act_n: 0.4299999999999998
new Act_n: 0.0036280237550858074

Vm:  	 -46.0
new Vm:	 -7.406674963584592
Act_n: 0.5299999999999998
new Act_n: 0.0005064875618873144

Vm:  	 -46.0
new Vm:	 -13.052652762361106
Act_n: 0.6299999999999997
new Act_n: -0.0026991307490027427

Vm:  	 -46.0
new Vm:	 -19.37872404359078
Act_n: 0.7299999999999996
new Act_n: -0.005812136661707434

Vm:  	 -44.0
new Vm:	 0.2307442661393253
Act_n: 0.12
new Act_n: 0.013207065181751965

Vm:  	 -44.0
new Vm:	 -0.043041406934698045
Act_n: 0.21999999999999995
new Act_n: 0.010555919895621185

Vm:  	 -44.0
new Vm:	 -1.018837148274649
Act_n: 0.3199999999999999
new Act_n: 0.007748275434437624

Vm:  	 -44.0
new Vm:	 -3.307064928695141
Act_n: 0.4199999999999998
new Act_n: 0.004706645165169332

Vm:  	 -44.0
new Vm:	 -7.406225531248509
Act_n: 0.5199999999999998
new Act_n: 0.0014364907636529312

Vm:  	 -44.0
new Vm:	 -13.277219385265091
Act_n: 0.6199999999999998
new Act_n: -0.001934254248721845

Vm:  	 -44.0
new Vm:	 -20.00320845779143
Act_n: 0.7199999999999996
new Act_n: -0.005207129048173331

Vm:  	 -42.0
new Vm:	 0.25017254833574043
Act_n: 0.11
new Act_n: 0.014692240807433296

Vm:  	 -42.0
new Vm:	 0.0008757273258908072
Act_n: 0.20999999999999996
new Act_n: 0.011933728378519165

Vm:  	 -42.0
new Vm:	 -0.9375093366872989
Act_n: 0.30999999999999994
new Act_n: 0.009013710303355904

Vm:  	 -42.0
new Vm:	 -3.2050749213959975
Act_n: 0.4099999999999998
new Act_n: 0.00584351446769632

Vm:  	 -42.0
new Vm:	 -7.358213312408324
Act_n: 0.5099999999999998
new Act_n: 0.002420078918579205

Vm:  	 -42.0
new Vm:	 -13.429791241422826
Act_n: 0.6099999999999998
new Act_n: -0.0011240602675253175

Vm:  	 -42.0
new Vm:	 -20.540019160068248
Act_n: 0.7099999999999996
new Act_n: -0.004568141746330134

Vm:  	 -40.0
new Vm:	 nan
Act_n: 0.1
new Act_n: nan

Vm:  	 -40.0
new Vm:	 nan
Act_n: 0.19999999999999996
new Act_n: nan

Vm:  	 -40.0
new Vm:	 nan
Act_n: 0.29999999999999993
new Act_n: nan

Vm:  	 -40.0
new Vm:	 nan
Act_n: 0.3999999999999998
new Act_n: nan

Vm:  	 -40.0
new Vm:	 nan
Act_n: 0.4999999999999998
new Act_n: nan

Vm:  	 -40.0
new Vm:	 nan
Act_n: 0.5999999999999998
new Act_n: nan

Vm:  	 -40.0
new Vm:	 nan
Act_n: 0.6999999999999996
new Act_n: nan

Vm:  	 -40.0
new Vm:	 nan
Act_n: 0.7999999999999996
new Act_n: nan

Vm:  	 -38.0
new Vm:	 0.12032753188715617
Act_n: 0.18999999999999995
new Act_n: 0.014885471280387641

Vm:  	 -38.0
new Vm:	 -0.731093284935497
Act_n: 0.2899999999999999
new Act_n: 0.011729492971486621

Vm:  	 -38.0
new Vm:	 -2.92398659184051
Act_n: 0.3899999999999999
new Act_n: 0.008294140625754398

Vm:  	 -38.0
new Vm:	 -7.126543294473805
Act_n: 0.48999999999999977
new Act_n: 0.004553743594669424

Vm:  	 -38.0
new Vm:	 -13.526584334142456
Act_n: 0.5899999999999997
new Act_n: 0.0006419065966971615

Vm:  	 -38.0
new Vm:	 -21.35180947712562
Act_n: 0.6899999999999997
new Act_n: -0.0031780739355596888

Vm:  	 -38.0
new Vm:	 -28.903689325170518
Act_n: 0.7899999999999996
new Act_n: -0.006670134403792827

Vm:  	 -36.0
new Vm:	 0.19806025112605852
Act_n: 0.17999999999999997
new Act_n: 0.016457962265480408

Vm:  	 -36.0
new Vm:	 -0.6053822442534553
Act_n: 0.2799999999999999
new Act_n: 0.013178843234695481

Vm:  	 -36.0
new Vm:	 -2.7461623978928458
Act_n: 0.3799999999999999
new Act_n: 0.009607863736508127

Vm:  	 -36.0
new Vm:	 -6.94676223056873
Act_n: 0.47999999999999976
new Act_n: 0.005705835099969692

Vm:  	 -36.0
new Vm:	 -13.474671020827955
Act_n: 0.5799999999999997
new Act_n: 0.0016019288614711469

Vm:  	 -36.0
new Vm:	 -21.626505933245845
Act_n: 0.6799999999999997
new Act_n: -0.002421684603000407

Vm:  	 -36.0
new Vm:	 -29.684707255397214
Act_n: 0.7799999999999997
new Act_n: -0.00609453312250563

Vm:  	 -34.0
new Vm:	 0.2882279675369759
Act_n: 0.16999999999999998
new Act_n: 0.01809379221566973

Vm:  	 -34.0
new Vm:	 -0.4652715327133379
Act_n: 0.2699999999999999
new Act_n: 0.01468830884945821

Vm:  	 -34.0
new Vm:	 -2.545846933504045
Act_n: 0.3699999999999999
new Act_n: 0.010980318161782576

Vm:  	 -34.0
new Vm:	 -6.726814602875962
Act_n: 0.46999999999999986
new Act_n: 0.006915487781080976

Vm:  	 -34.0
new Vm:	 -13.358461948870321
Act_n: 0.5699999999999997
new Act_n: 0.002615678643875352

Vm:  	 -34.0
new Vm:	 -21.814565204374027
Act_n: 0.6699999999999997
new Act_n: -0.0016210043403942498

Vm:  	 -34.0
new Vm:	 -30.37317577491703
Act_n: 0.7699999999999997
new Act_n: -0.005487508086592485

Vm:  	 -32.0
new Vm:	 0.39208212039719115
Act_n: 0.15999999999999998
new Act_n: 0.01979165457561194

Vm:  	 -32.0
new Vm:	 -0.31014688616388497
Act_n: 0.2599999999999999
new Act_n: 0.01625672565907088

Vm:  	 -32.0
new Vm:	 -2.323165669427631
Act_n: 0.3599999999999999
new Act_n: 0.012410630336925577

Vm:  	 -32.0
new Vm:	 -6.468405454148247
Act_n: 0.45999999999999985
new Act_n: 0.008182777386829487

Vm:  	 -32.0
new Vm:	 -13.179890689583871
Act_n: 0.5599999999999997
new Act_n: 0.0036845302193672103

Vm:  	 -32.0
new Vm:	 -21.91666864262433
Act_n: 0.6599999999999997
new Act_n: -0.0007735896345383297

Vm:  	 -32.0
new Vm:	 -30.96670522788689
Act_n: 0.7599999999999997
new Act_n: -0.004846605758501488

Vm:  	 -30.0
new Vm:	 0.5103731063947379
Act_n: 0.14999999999999997
new Act_n: 0.021550203550601776

Vm:  	 -30.0
new Vm:	 -0.13986487664402603
Act_n: 0.24999999999999992
new Act_n: 0.017882855912494472

Vm:  	 -30.0
new Vm:	 -2.078898329491622
Act_n: 0.34999999999999987
new Act_n: 0.0138978256749282

Vm:  	 -30.0
new Vm:	 -6.173224973345299
Act_n: 0.44999999999999984
new Act_n: 0.009507435300675937

Vm:  	 -30.0
new Vm:	 -12.940913368040327
Act_n: 0.5499999999999998
new Act_n: 0.0048095064676215715

Vm:  	 -30.0
new Vm:	 -21.933689161415735
Act_n: 0.6499999999999997
new Act_n: 0.00012285111900434131

Vm:  	 -30.0
new Vm:	 -31.463979224308694
Act_n: 0.7499999999999997
new Act_n: -0.0041694593811978375

Vm:  	 -28.0
new Vm:	 0.6437237447573594
Act_n: 0.13999999999999999
new Act_n: 0.023367984371851003

Vm:  	 -28.0
new Vm:	 0.04561716204223387
Act_n: 0.23999999999999994
new Act_n: 0.01956532350932738

Vm:  	 -28.0
new Vm:	 -1.8138844310803712
Act_n: 0.33999999999999986
new Act_n: 0.015440720370248684

Vm:  	 -28.0
new Vm:	 -5.843002542293085
Act_n: 0.43999999999999984
new Act_n: 0.010888876265897629

Vm:  	 -28.0
new Vm:	 -12.64354657247911
Act_n: 0.5399999999999998
new Act_n: 0.005991265978164573

Vm:  	 -28.0
new Vm:	 -21.86663268765465
Act_n: 0.6399999999999997
new Act_n: 0.0010704098627877245

Vm:  	 -28.0
new Vm:	 -31.863172202372645
Act_n: 0.7399999999999997
new Act_n: -0.0034534710074978214

Vm:  	 -26.0
new Vm:	 0.7925114198912766
Act_n: 0.13
new Act_n: 0.025243437953201636

Vm:  	 -26.0
new Vm:	 0.2461781658090878
Act_n: 0.22999999999999995
new Act_n: 0.02130264764120135

Vm:  	 -26.0
new Vm:	 -1.5290914660329094
Act_n: 0.32999999999999985
new Act_n: 0.01703796041377942

Vm:  	 -26.0
new Vm:	 -5.479576800137611
Act_n: 0.4299999999999998
new Act_n: 0.012326231844697555

Vm:  	 -26.0
new Vm:	 -12.28992133216407
Act_n: 0.5299999999999998
new Act_n: 0.007230100566184006

Vm:  	 -26.0
new Vm:	 -21.71661991944952
Act_n: 0.6299999999999997
new Act_n: 0.0020709313427755838

Vm:  	 -26.0
new Vm:	 -32.16334902021757
Act_n: 0.7299999999999996
new Act_n: -0.002696190054203851

Vm:  	 -24.0
new Vm:	 0.9569122093760001
Act_n: 0.12
new Act_n: 0.027175018356626862

Vm:  	 -24.0
new Vm:	 0.461473162402509
Act_n: 0.21999999999999995
new Act_n: 0.023093271800207482

Vm:  	 -24.0
new Vm:	 -1.225681669593051
Act_n: 0.3199999999999999
new Act_n: 0.01868805777861582

Vm:  	 -24.0
new Vm:	 -5.084970158824298
Act_n: 0.4199999999999998
new Act_n: 0.013818386595201015

Vm:  	 -24.0
new Vm:	 -11.882351278666434
Act_n: 0.5199999999999998
new Act_n: 0.008525942603046843

Vm:  	 -24.0
new Vm:	 -21.48443385031426
Act_n: 0.6199999999999998
new Act_n: 0.003125998479599379

Vm:  	 -24.0
new Vm:	 -32.363047348165104
Act_n: 0.7199999999999996
new Act_n: -0.0018949718647603975

Vm:  	 -22.0
new Vm:	 1.1364364029742902
Act_n: 0.11
new Act_n: 0.029161147759900627

Vm:  	 -22.0
new Vm:	 0.6908796009404021
Act_n: 0.20999999999999996
new Act_n: 0.024935588104413126

Vm:  	 -22.0
new Vm:	 -0.9050727685380231
Act_n: 0.30999999999999994
new Act_n: 0.020389422980367722

Vm:  	 -22.0
new Vm:	 -4.6614625618473795
Act_n: 0.4099999999999998
new Act_n: 0.015364015065855718

Vm:  	 -22.0
new Vm:	 -11.423411642184526
Act_n: 0.5099999999999998
new Act_n: 0.00987838105171912

Vm:  	 -22.0
new Vm:	 -21.173331123629623
Act_n: 0.6099999999999998
new Act_n: 0.004236784705829777

Vm:  	 -22.0
new Vm:	 -32.461768199964204
Act_n: 0.7099999999999996
new Act_n: -0.0010474234344184374

Vm:  	 -20.0
new Vm:	 1.3312601356731975
Act_n: 0.1
new Act_n: 0.03119975089657323

Vm:  	 -20.0
new Vm:	 0.933453889089229
Act_n: 0.19999999999999996
new Act_n: 0.02682795728214568

Vm:  	 -20.0
new Vm:	 -0.5689879388943453
Act_n: 0.29999999999999993
new Act_n: 0.02214039373285448

Vm:  	 -20.0
new Vm:	 -4.211658202392794
Act_n: 0.3999999999999998
new Act_n: 0.016961618154182345

Vm:  	 -20.0
new Vm:	 -10.91602398331872
Act_n: 0.4999999999999998
new Act_n: 0.011286684764003518

Vm:  	 -20.0
new Vm:	 -20.783738637359228
Act_n: 0.5999999999999998
new Act_n: 0.005404253942606796

Vm:  	 -20.0
new Vm:	 -32.4590488044224
Act_n: 0.6999999999999996
new Act_n: -0.00015119187247270016

Vm:  	 -20.0
new Vm:	 -43.35151794510164
Act_n: 0.7999999999999996
new Act_n: -0.004926774669795186

Vm:  	 -18.0
new Vm:	 1.187864447128522
Act_n: 0.18999999999999995
new Act_n: 0.02876879939682761

Vm:  	 -18.0
new Vm:	 -0.21952493410111984
Act_n: 0.2899999999999999
new Act_n: 0.0239393277055977

Vm:  	 -18.0
new Vm:	 -3.738527044983055
Act_n: 0.3899999999999999
new Act_n: 0.018609609285097528

Vm:  	 -18.0
new Vm:	 -10.363702588207524
Act_n: 0.48999999999999977
new Act_n: 0.012749906408577538

Vm:  	 -18.0
new Vm:	 -20.318756153290494
Act_n: 0.5899999999999997
new Act_n: 0.006628861228202387

Vm:  	 -18.0
new Vm:	 -32.35474208523993
Act_n: 0.6899999999999997
new Act_n: 0.0007959207973265991

Vm:  	 -18.0
new Vm:	 -43.85916432188629
Act_n: 0.7899999999999996
new Act_n: -0.004237086621222019

Vm:  	 -16.0
new Vm:	 1.452570903426281
Act_n: 0.17999999999999997
new Act_n: 0.03075622482576848

Vm:  	 -16.0
new Vm:	 0.14100767726236185
Act_n: 0.2799999999999999
new Act_n: 0.02578427589385701

Vm:  	 -16.0
new Vm:	 -3.245479066655495
Act_n: 0.3799999999999999
new Act_n: 0.020306076897350922

Vm:  	 -16.0
new Vm:	 -9.769763876311785
Act_n: 0.47999999999999976
new Act_n: 0.014266508541178835

Vm:  	 -16.0
new Vm:	 -19.78082806989631
Act_n: 0.5799999999999997
new Act_n: 0.007910746742460173

Vm:  	 -16.0
new Vm:	 -32.14908011090497
Act_n: 0.6799999999999997
new Act_n: 0.001795905179393209

Vm:  	 -16.0
new Vm:	 -44.25819694834063
Act_n: 0.7799999999999997
new Act_n: -0.0035081729799210093

Vm:  	 -14.0
new Vm:	 1.7257257141386262
Act_n: 0.16999999999999998
new Act_n: 0.032788782560221

Vm:  	 -14.0
new Vm:	 0.510021318746821
Act_n: 0.2699999999999999
new Act_n: 0.027673673169821333

Vm:  	 -14.0
new Vm:	 -2.735971070878243
Act_n: 0.3699999999999999
new Act_n: 0.022049337160028992

Vm:  	 -14.0
new Vm:	 -9.138684157061434
Act_n: 0.46999999999999986
new Act_n: 0.015835224539282378

Vm:  	 -14.0
new Vm:	 -19.17358290479808
Act_n: 0.5699999999999997
new Act_n: 0.009249711568261487

Vm:  	 -14.0
new Vm:	 -31.842757458847423
Act_n: 0.6699999999999997
new Act_n: 0.002850492816226846

Vm:  	 -14.0
new Vm:	 -44.54554406287682
Act_n: 0.7699999999999997
new Act_n: -0.002737431195853235

Vm:  	 -12.0
new Vm:	 2.004649082616286
Act_n: 0.15999999999999998
new Act_n: 0.03486476196964808

Vm:  	 -12.0
new Vm:	 0.8840950866636987
Act_n: 0.2599999999999999
new Act_n: 0.029605707656520486

Vm:  	 -12.0
new Vm:	 -2.2146542081112983
Act_n: 0.3599999999999999
new Act_n: 0.023837468336401046

Vm:  	 -12.0
new Vm:	 -8.47597353112075
Act_n: 0.45999999999999985
new Act_n: 0.01745429080029809

Vm:  	 -12.0
new Vm:	 -18.501059204557684
Act_n: 0.5599999999999997
new Act_n: 0.010645136075896455

Vm:  	 -12.0
new Vm:	 -31.436986367245964
Act_n: 0.6599999999999997
new Act_n: 0.003961112186408489

Vm:  	 -12.0
new Vm:	 -44.718586896770354
Act_n: 0.7599999999999997
new Act_n: -0.0019223195404161064

Vm:  	 -10.0
new Vm:	 2.286764172860373
Act_n: 0.14999999999999997
new Act_n: 0.03698258181853434

Vm:  	 -10.0
new Vm:	 1.2599391219230327
Act_n: 0.24999999999999992
new Act_n: 0.031578686053325006

Vm:  	 -10.0
new Vm:	 -1.685940881468122
Act_n: 0.34999999999999987
new Act_n: 0.025668589849007384

Vm:  	 -10.0
new Vm:	 -7.786902800250704
Act_n: 0.44999999999999984
new Act_n: 0.019121874861801114

Vm:  	 -10.0
new Vm:	 -17.768185463701347
Act_n: 0.5499999999999998
new Act_n: 0.012096075703675546

Vm:  	 -10.0
new Vm:	 -30.933720424938215
Act_n: 0.6499999999999997
new Act_n: 0.0051288380579971315

Vm:  	 -10.0
new Vm:	 -44.77556261010735
Act_n: 0.7499999999999997
new Act_n: -0.00106039266573843

Vm:  	 -8.0
new Vm:	 2.5691278922349925
Act_n: 0.13999999999999999
new Act_n: 0.039140661209596556

Vm:  	 -8.0
new Vm:	 1.6339249948316095
Act_n: 0.23999999999999994
new Act_n: 0.033590919430026234

Vm:  	 -8.0
new Vm:	 -1.154702269361369
Act_n: 0.33999999999999986
new Act_n: 0.027540803889850585

Vm:  	 -8.0
new Vm:	 -7.0775684998339194
Act_n: 0.43999999999999984
new Act_n: 0.02083602894704334

Vm:  	 -8.0
new Vm:	 -16.980708975889208
Act_n: 0.5399999999999998
new Act_n: 0.013601275189755957

Vm:  	 -8.0
new Vm:	 -30.335615236640656
Act_n: 0.6399999999999997
new Act_n: 0.006354363838760757

Vm:  	 -8.0
new Vm:	 -44.7146550055734
Act_n: 0.7399999999999997
new Act_n: -0.00014920200246071325

Vm:  	 -6.0
new Vm:	 2.848559301491089
Act_n: 0.13
new Act_n: 0.04133745642349418

Vm:  	 -6.0
new Vm:	 2.0022294834636964
Act_n: 0.22999999999999995
new Act_n: 0.035640763289374294

Vm:  	 -6.0
new Vm:	 -0.626037637960092
Act_n: 0.32999999999999985
new Act_n: 0.029452230053224615

Vm:  	 -6.0
new Vm:	 -6.35453304328372
Act_n: 0.4299999999999998
new Act_n: 0.0225947299833425

Vm:  	 -6.0
new Vm:	 -16.14524311379343
Act_n: 0.5299999999999998
new Act_n: 0.015159205594356129

Vm:  	 -6.0
new Vm:	 -29.646270644302277
Act_n: 0.6299999999999997
new Act_n: 0.007637975565559785

Vm:  	 -6.0
new Vm:	 -44.53446738808849
Act_n: 0.7299999999999996
new Act_n: 0.0008135983372514755

Vm:  	 -4.0
new Vm:	 3.121710452064194
Act_n: 0.12
new Act_n: 0.043571466602694287

Vm:  	 -4.0
new Vm:	 2.360908799056091
Act_n: 0.21999999999999995
new Act_n: 0.037726622790248215

Vm:  	 -4.0
new Vm:	 -0.10518768704125048
Act_n: 0.3199999999999999
new Act_n: 0.03140102190757571

Vm:  	 -4.0
new Vm:	 -5.624724195827309
Act_n: 0.4199999999999998
new Act_n: 0.02439591217144349

Vm:  	 -4.0
new Vm:	 -15.269249235937117
Act_n: 0.5199999999999998
new Act_n: 0.016768106887733447

Vm:  	 -4.0
new Vm:	 -28.870319728860643
Act_n: 0.6199999999999998
new Act_n: 0.008979542422286824

Vm:  	 -4.0
new Vm:	 -44.23526874433364
Act_n: 0.7199999999999996
new Act_n: 0.0018299667032753986

Vm:  	 -2.0
new Vm:	 3.3850913559947466
Act_n: 0.11
new Act_n: 0.045841211298492654

Vm:  	 -2.0
new Vm:	 2.705965463286203
Act_n: 0.20999999999999996
new Act_n: 0.03984695884243078

Vm:  	 -2.0
new Vm:	 0.40255674452781265
Act_n: 0.30999999999999994
new Act_n: 0.033385380846624235

Vm:  	 -2.0
new Vm:	 -4.895314367023659
Act_n: 0.4099999999999998
new Act_n: 0.026237496305791697

Vm:  	 -2.0
new Vm:	 -14.360410203800711
Act_n: 0.5099999999999998
new Act_n: 0.018425984695724984

Vm:  	 -2.0
new Vm:	 -28.013528368223504
Act_n: 0.6099999999999998
new Act_n: 0.010378521180630873

Vm:  	 -2.0
new Vm:	 -43.817025182146516
Act_n: 0.7099999999999996
new Act_n: 0.0029017996517276545

Vm:  	 0.0
new Vm:	 3.6351362261324836
Act_n: 0.1
new Act_n: 0.04814534234596257

Vm:  	 0.0
new Vm:	 3.0334134762516727
Act_n: 0.19999999999999996
new Act_n: 0.0420002926581762

Vm:  	 0.0
new Vm:	 0.8919452334084051
Act_n: 0.29999999999999993
new Act_n: 0.03540356732673894

Vm:  	 0.0
new Vm:	 -4.1735885475144405
Act_n: 0.3999999999999998
new Act_n: 0.028117415412134528

Vm:  	 0.0
new Vm:	 -13.428498177626288
Act_n: 0.4999999999999998
new Act_n: 0.020130848735156803

Vm:  	 0.0
new Vm:	 -27.082859741879524
Act_n: 0.5999999999999998
new Act_n: 0.011833975186641754

Vm:  	 0.0
new Vm:	 -43.28103540309947
Act_n: 0.6999999999999996
new Act_n: 0.004030648102063106

Vm:  	 0.0
new Vm:	 -58.34708266895078
Act_n: 0.7999999999999996
new Act_n: -0.0024790106359002806

Vm:  	 2.0
new Vm:	 3.339339062437502
Act_n: 0.18999999999999995
new Act_n: 0.04418520887856217

Vm:  	 2.0
new Vm:	 1.3578530524997219
Act_n: 0.2899999999999999
new Act_n: 0.0374539096508586

Vm:  	 2.0
new Vm:	 -3.466809693830589
Act_n: 0.3899999999999999
new Act_n: 0.030033636504223582

Vm:  	 2.0
new Vm:	 -12.482427341530613
Act_n: 0.48999999999999977
new Act_n: 0.021880469948472703

Vm:  	 2.0
new Vm:	 -26.0864885995531
Act_n: 0.5899999999999997
new Act_n: 0.01334460679882199

Vm:  	 2.0
new Vm:	 -42.6297182337512
Act_n: 0.6899999999999997
new Act_n: 0.005217651386486111

Vm:  	 2.0
new Vm:	 -58.432446325239134
Act_n: 0.7899999999999996
new Act_n: -0.001631187231809883

Vm:  	 4.0
new Vm:	 3.6199549946713976
Act_n: 0.17999999999999997
new Act_n: 0.04640035740413018

Vm:  	 4.0
new Vm:	 1.7953577107699328
Act_n: 0.2799999999999999
new Act_n: 0.03953481050358054

Vm:  	 4.0
new Vm:	 -2.782089402047162
Act_n: 0.3799999999999999
new Act_n: 0.0319841784793074

Vm:  	 4.0
new Vm:	 -11.531832479329788
Act_n: 0.47999999999999976
new Act_n: 0.023672610055037402

Vm:  	 4.0
new Vm:	 -25.033753341814723
Act_n: 0.5799999999999997
new Act_n: 0.014908800999303584

Vm:  	 4.0
new Vm:	 -41.86655269070557
Act_n: 0.6799999999999997
new Act_n: 0.006463580761741028

Vm:  	 4.0
new Vm:	 -58.38527830558891
Act_n: 0.7799999999999997
new Act_n: -0.0007347943130474599

Vm:  	 6.0
new Vm:	 3.8716471998346176
Act_n: 0.16999999999999998
new Act_n: 0.04864445406629217

Vm:  	 6.0
new Vm:	 2.199804411922674
Act_n: 0.2699999999999999
new Act_n: 0.041644751472779074

Vm:  	 6.0
new Vm:	 -2.1262701465720326
Act_n: 0.3699999999999999
new Act_n: 0.03396712635001248

Vm:  	 6.0
new Vm:	 -10.586452824275268
Act_n: 0.46999999999999986
new Act_n: 0.025505011478657025

Vm:  	 6.0
new Vm:	 -23.935040658704708
Act_n: 0.5699999999999997
new Act_n: 0.01652467691907522

Vm:  	 6.0
new Vm:	 -40.99688820256494
Act_n: 0.6699999999999997
new Act_n: 0.007768671793457083

Vm:  	 6.0
new Vm:	 -58.20371806352772
Act_n: 0.7699999999999997
new Act_n: 0.00021255587471036286

Vm:  	 8.0
new Vm:	 4.091012990902055
Act_n: 0.15999999999999998
new Act_n: 0.050916280300820904

Vm:  	 8.0
new Vm:	 2.5668591536359155
Act_n: 0.2599999999999999
new Act_n: 0.04378229580864018

Vm:  	 8.0
new Vm:	 -1.5058235290059727
Act_n: 0.3599999999999999
new Act_n: 0.03598064213614244

Vm:  	 8.0
new Vm:	 -9.655936890886718
Act_n: 0.45999999999999985
new Act_n: 0.027375428309311056

Vm:  	 8.0
new Vm:	 -22.801606356122132
Act_n: 0.5599999999999997
new Act_n: 0.018190143616774734

Vm:  	 8.0
new Vm:	 -40.0273623512549
Act_n: 0.6599999999999997
new Act_n: 0.009132744814516203

Vm:  	 8.0
new Vm:	 -57.88633831729757
Act_n: 0.7599999999999997
new Act_n: 0.0012131841575774294

Vm:  	 10.0
new Vm:	 4.274890822524549
Act_n: 0.14999999999999997
new Act_n: 0.0532146818758194

Vm:  	 10.0
new Vm:	 2.8925491050818124
Act_n: 0.24999999999999992
new Act_n: 0.045946089672295826

Vm:  	 10.0
new Vm:	 -0.9267671592319964
Act_n: 0.34999999999999987
new Act_n: 0.038022972812533806

Vm:  	 10.0
new Vm:	 -8.749662181539568
Act_n: 0.44999999999999984
new Act_n: 0.029281652950354453

Vm:  	 10.0
new Vm:	 -21.64535333389359
Act_n: 0.5499999999999998
new Act_n: 0.01990296063168462

Vm:  	 10.0
new Vm:	 -38.966120974147906
Act_n: 0.6499999999999997
new Act_n: 0.010555182589491063

Vm:  	 10.0
new Vm:	 -57.43206359360754
Act_n: 0.7499999999999997
new Act_n: 0.002269328661405501

Vm:  	 12.0
new Vm:	 4.420381573868738
Act_n: 0.13999999999999999
new Act_n: 0.05553856755065223

Vm:  	 12.0
new Vm:	 3.173290628700986
Act_n: 0.23999999999999994
new Act_n: 0.04813486211599405

Vm:  	 12.0
new Vm:	 -0.3946011688512847
Act_n: 0.33999999999999986
new Act_n: 0.04009245573506448

Vm:  	 12.0
new Vm:	 -7.876533584423639
Act_n: 0.43999999999999984
new Act_n: 0.03122151873105128

Vm:  	 12.0
new Vm:	 -20.478481391234155
Act_n: 0.5399999999999998
new Act_n: 0.02166071757092569

Vm:  	 12.0
new Vm:	 -37.823078129871355
Act_n: 0.6399999999999997
new Act_n: 0.012034864525840239

Vm:  	 12.0
new Vm:	 -56.842416351695846
Act_n: 0.7399999999999997
new Act_n: 0.003382695106514455

Vm:  	 14.0
new Vm:	 4.524850296333099
Act_n: 0.13
new Act_n: 0.05788691911324026

Vm:  	 14.0
new Vm:	 3.4059058430977345
Act_n: 0.22999999999999995
new Act_n: 0.05034742401833667

Vm:  	 14.0
new Vm:	 0.08572829989661912
Act_n: 0.32999999999999985
new Act_n: 0.042187526317730206

Vm:  	 14.0
new Vm:	 -7.0449543776982475
Act_n: 0.4299999999999998
new Act_n: 0.03319296426185503

Vm:  	 14.0
new Vm:	 -19.312863915095022
Act_n: 0.5299999999999998
new Act_n: 0.02346109332344226

Vm:  	 14.0
new Vm:	 -36.60942505695554
Act_n: 0.6299999999999997
new Act_n: 0.013570370875638949

Vm:  	 14.0
new Vm:	 -56.119877262237594
Act_n: 0.7299999999999996
new Act_n: 0.004554722342370088

Vm:  	 16.0
new Vm:	 4.585995643320185
Act_n: 0.12
new Act_n: 0.060258750552908275

Vm:  	 16.0
new Vm:	 3.587644857524566
Act_n: 0.21999999999999995
new Act_n: 0.052582687669359224

Vm:  	 16.0
new Vm:	 0.5099934596272675
Act_n: 0.3199999999999999
new Act_n: 0.044306695325930345

Vm:  	 16.0
new Vm:	 -6.262344618714323
Act_n: 0.4199999999999998
new Act_n: 0.035193976175871

Vm:  	 16.0
new Vm:	 -18.161969936399785
Act_n: 0.5199999999999998
new Act_n: 0.025301710046606307

Vm:  	 16.0
new Vm:	 -35.33789303542501
Act_n: 0.6199999999999998
new Act_n: 0.015159879645302965

Vm:  	 16.0
new Vm:	 -55.268648375925764
Act_n: 0.7199999999999996
new Act_n: 0.005786415689818525

Vm:  	 18.0
new Vm:	 4.601781993921129
Act_n: 0.11
new Act_n: 0.06265311027732991

Vm:  	 18.0
new Vm:	 3.716175050462784
Act_n: 0.20999999999999996
new Act_n: 0.05483956792306416

Vm:  	 18.0
new Vm:	 0.8742870257264137
Act_n: 0.30999999999999994
new Act_n: 0.04644859043866095

Vm:  	 18.0
new Vm:	 -5.5361098049660455
Act_n: 0.4099999999999998
new Act_n: 0.03722268148362018

Vm:  	 18.0
new Vm:	 -17.036612109703135
Act_n: 0.5099999999999998
new Act_n: 0.027180080483210523

Vm:  	 18.0
new Vm:	 -34.02181194922376
Act_n: 0.6099999999999998
new Act_n: 0.016801275517228653

Vm:  	 18.0
new Vm:	 -54.29468719144013
Act_n: 0.7099999999999996
new Act_n: 0.007078316254277794

Vm:  	 20.0
new Vm:	 4.570397877064295
Act_n: 0.1
new Act_n: 0.06506915147845768

Vm:  	 20.0
new Vm:	 3.789502506259396
Act_n: 0.19999999999999996
new Act_n: 0.05711713830078485

Vm:  	 20.0
new Vm:	 1.1754901723166924
Act_n: 0.29999999999999993
new Act_n: 0.04861193322928109

Vm:  	 20.0
new Vm:	 -4.872203457578131
Act_n: 0.3999999999999998
new Act_n: 0.039277269131820336

Vm:  	 20.0
new Vm:	 -15.94817147383841
Act_n: 0.4999999999999998
new Act_n: 0.02909389872084822

Vm:  	 20.0
new Vm:	 -32.67641905500483
Act_n: 0.5999999999999998
new Act_n: 0.018492349830383836

Vm:  	 20.0
new Vm:	 -53.206068557857094
Act_n: 0.6999999999999996
new Act_n: 0.008430442443885688

Vm:  	 20.0
new Vm:	 -72.74885260938841
Act_n: 0.7999999999999996
new Act_n: 5.882915549459966e-05

Vm:  	 22.0
new Vm:	 3.8060540528239066
Act_n: 0.18999999999999995
new Act_n: 0.059414512337571584

Vm:  	 22.0
new Vm:	 1.4110206239568654
Act_n: 0.2899999999999999
new Act_n: 0.050795533215604594

Vm:  	 22.0
new Vm:	 -4.275950793177294
Act_n: 0.3899999999999999
new Act_n: 0.0413560393775691

Vm:  	 22.0
new Vm:	 -14.90700001563659
Act_n: 0.48999999999999977
new Act_n: 0.031040886064107487

Vm:  	 22.0
new Vm:	 -31.316322462946523
Act_n: 0.5899999999999997
new Act_n: 0.020230652081336342

Vm:  	 22.0
new Vm:	 -52.01267569883589
Act_n: 0.6899999999999997
new Act_n: 0.009842317172785608

Vm:  	 22.0
new Vm:	 -72.35338934152148
Act_n: 0.7899999999999996
new Act_n: 0.0010714894687747778

Vm:  	 24.0
new Vm:	 3.764620356387038
Act_n: 0.17999999999999997
new Act_n: 0.061730870616649

Vm:  	 24.0
new Vm:	 1.578849923187537
Act_n: 0.2799999999999999
new Act_n: 0.052998290245614865

Vm:  	 24.0
new Vm:	 -3.751854432321881
Act_n: 0.3799999999999999
new Act_n: 0.0434573957029456

Vm:  	 24.0
new Vm:	 -13.92252065047206
Act_n: 0.47999999999999976
new Act_n: 0.03301884479998929

Vm:  	 24.0
new Vm:	 -29.956475444816075
Act_n: 0.5799999999999997
new Act_n: 0.022013682589856698

Vm:  	 24.0
new Vm:	 -50.72641697021808
Act_n: 0.6799999999999997
new Act_n: 0.01131297005630072

Vm:  	 24.0
new Vm:	 -71.80673279001073
Act_n: 0.7799999999999997
new Act_n: 0.002140421501847456

Vm:  	 26.0
new Vm:	 3.6640579340319057
Act_n: 0.16999999999999998
new Act_n: 0.06406547857010023

Vm:  	 26.0
new Vm:	 1.6771475376676257
Act_n: 0.2699999999999999
new Act_n: 0.055219201212446334

Vm:  	 26.0
new Vm:	 -3.3041717324713744
Act_n: 0.3699999999999999
new Act_n: 0.04557987309107159

Vm:  	 26.0
new Vm:	 -13.003143348755858
Act_n: 0.46999999999999986
new Act_n: 0.03502566888253633

Vm:  	 26.0
new Vm:	 -28.611515806790074
Act_n: 0.5699999999999997
new Act_n: 0.02383891000584326

Vm:  	 26.0
new Vm:	 -49.36100300164463
Act_n: 0.6699999999999997
new Act_n: 0.012840986482652084

Vm:  	 26.0
new Vm:	 -71.10992704042056
Act_n: 0.7699999999999997
new Act_n: 0.003267593728693674

Vm:  	 28.0
new Vm:	 3.5043873344477845
Act_n: 0.15999999999999998
new Act_n: 0.06641755483644612

Vm:  	 28.0
new Vm:	 1.7055234818448177
Act_n: 0.2599999999999999
new Act_n: 0.05745731044309099

Vm:  	 28.0
new Vm:	 -2.9343193764391664
Act_n: 0.3599999999999999
new Act_n: 0.04772191722500002

Vm:  	 28.0
new Vm:	 -12.156218315082217
Act_n: 0.45999999999999985
new Act_n: 0.037059351142780805

Vm:  	 28.0
new Vm:	 -27.29545681716813
Act_n: 0.5599999999999997
new Act_n: 0.025703811102477547

Vm:  	 28.0
new Vm:	 -47.93168511553201
Act_n: 0.6599999999999997
new Act_n: 0.014424570315636598

Vm:  	 28.0
new Vm:	 -70.2678716537985
Act_n: 0.7599999999999997
new Act_n: 0.004454241808457993

Vm:  	 30.0
new Vm:	 3.2849471153321517
Act_n: 0.14999999999999997
new Act_n: 0.06878659722011835

Vm:  	 30.0
new Vm:	 1.6630843730633593
Act_n: 0.24999999999999992
new Act_n: 0.05971180134550716

Vm:  	 30.0
new Vm:	 -2.645714191229267
Act_n: 0.34999999999999987
new Act_n: 0.049882588033701214

Vm:  	 30.0
new Vm:	 -11.388019820851792
Act_n: 0.44999999999999984
new Act_n: 0.03911798764711172

Vm:  	 30.0
new Vm:	 -26.021431450220298
Act_n: 0.5499999999999998
new Act_n: 0.027605901470507788

Vm:  	 30.0
new Vm:	 -46.45490031677735
Act_n: 0.6499999999999997
new Act_n: 0.016061615051158773

Vm:  	 30.0
new Vm:	 -69.2851882155033
Act_n: 0.7499999999999997
new Act_n: 0.005701631618419856

Vm:  	 32.0
new Vm:	 3.0058712467321484
Act_n: 0.13999999999999999
new Act_n: 0.07117183725784837

Vm:  	 32.0
new Vm:	 1.5497173574954317
Act_n: 0.23999999999999994
new Act_n: 0.06198182851402967

Vm:  	 32.0
new Vm:	 -2.440026046397392
Act_n: 0.33999999999999986
new Act_n: 0.05206030858514116

Vm:  	 32.0
new Vm:	 -10.703760527005088
Act_n: 0.43999999999999984
new Act_n: 0.04119978049150197

Vm:  	 32.0
new Vm:	 -24.801495703259974
Act_n: 0.5399999999999998
new Act_n: 0.029542758307858907

Vm:  	 32.0
new Vm:	 -44.9475331949841
Act_n: 0.6399999999999997
new Act_n: 0.017749791601636145

Vm:  	 32.0
new Vm:	 -68.17045512727131
Act_n: 0.7399999999999997
new Act_n: 0.007010179135210737

Vm:  	 34.0
new Vm:	 2.667292322295822
Act_n: 0.13
new Act_n: 0.07357286910609209

Vm:  	 34.0
new Vm:	 1.3654112171535857
Act_n: 0.22999999999999995
new Act_n: 0.06426681917741614

Vm:  	 34.0
new Vm:	 -2.3173700582606216
Act_n: 0.32999999999999985
new Act_n: 0.054254224015885366

Vm:  	 34.0
new Vm:	 -10.107627136850624
Act_n: 0.4299999999999998
new Act_n: 0.043303039025805956

Vm:  	 34.0
new Vm:	 -23.6464908601476
Act_n: 0.5299999999999998
new Act_n: 0.03151203679954251

Vm:  	 34.0
new Vm:	 -43.42748431987588
Act_n: 0.6299999999999997
new Act_n: 0.019486619823007922

Vm:  	 34.0
new Vm:	 -66.93398656901911
Act_n: 0.7299999999999996
new Act_n: 0.008379866649970924

Vm:  	 36.0
new Vm:	 2.269994549747068
Act_n: 0.12
new Act_n: 0.07598914906243726

Vm:  	 36.0
new Vm:	 1.1110445764620636
Act_n: 0.21999999999999995
new Act_n: 0.06656604846361916

Vm:  	 36.0
new Vm:	 -2.278429029400378
Act_n: 0.3199999999999999
new Act_n: 0.05646326984649208

Vm:  	 36.0
new Vm:	 -9.602833439742863
Act_n: 0.4199999999999998
new Act_n: 0.04542617999975107

Vm:  	 36.0
new Vm:	 -22.565960476575903
Act_n: 0.5199999999999998
new Act_n: 0.03351148156756001

Vm:  	 36.0
new Vm:	 -41.91178372065825
Act_n: 0.6199999999999998
new Act_n: 0.021269519415539673

Vm:  	 36.0
new Vm:	 -65.58825130698993
Act_n: 0.7199999999999996
new Act_n: 0.009810176519554736

Vm:  	 38.0
new Vm:	 1.813620145684638
Act_n: 0.11
new Act_n: 0.0784203843558449

Vm:  	 38.0
new Vm:	 0.7872323328221285
Act_n: 0.20999999999999996
new Act_n: 0.06887897194156656

Vm:  	 38.0
new Vm:	 -2.323340322358753
Act_n: 0.30999999999999994
new Act_n: 0.05868655807320866

Vm:  	 38.0
new Vm:	 -9.191685730420218
Act_n: 0.4099999999999998
new Act_n: 0.047567726820615

Vm:  	 38.0
new Vm:	 -21.568115428983855
Act_n: 0.5099999999999998
new Act_n: 0.03553893447044787

Vm:  	 38.0
new Vm:	 -40.41706257312116
Act_n: 0.6099999999999998
new Act_n: 0.0230958801110831

Vm:  	 38.0
new Vm:	 -64.14857541552097
Act_n: 0.7099999999999996
new Act_n: 0.011299942526027507

Vm:  	 40.0
new Vm:	 1.300563493118709
Act_n: 0.1
new Act_n: 0.08086566208385096

Vm:  	 40.0
new Vm:	 0.39502874492162476
Act_n: 0.19999999999999996
new Act_n: 0.07120507460481001

Vm:  	 40.0
new Vm:	 -2.4507577278849197
Act_n: 0.29999999999999993
new Act_n: 0.06092319890932524

Vm:  	 40.0
new Vm:	 -8.87565630719186
Act_n: 0.3999999999999998
new Act_n: 0.049726308033125444

Vm:  	 40.0
new Vm:	 -20.659839263768134
Act_n: 0.4999999999999998
new Act_n: 0.0375923397574901

Vm:  	 40.0
new Vm:	 -38.95899724080324
Act_n: 0.5999999999999998
new Act_n: 0.024963099432881886

Vm:  	 40.0
new Vm:	 -62.63151786938269
Act_n: 0.6999999999999996
new Act_n: 0.012847665531556474

Vm:  	 40.0
new Vm:	 -86.45503773452401
Act_n: 0.7999999999999996
new Act_n: 0.002632987180243629

AP-trajectory
Vm: 	 -34.0
Act_n: 0.2
Vm: 	 -39.596208487060686
Act_n: 0.3411392833007137
Vm: 	 -56.386363275763834
Act_n: 0.39106183696219043
Vm: 	 -64.9273801380336
Act_n: 0.3878631675354835
Vm: 	 -67.24740896447531
Act_n: 0.3727232265790015
Vm: 	 -67.40580085918725
Act_n: 0.357722840415487
Vm: 	 -66.89143095111746
Act_n: 0.3457800184262387
Vm: 	 -66.22363900617077
Act_n: 0.3372695502164407
Vm: 	 -65.60175663735222
Act_n: 0.3317571615353642
Vm: 	 -65.10147250038908
Act_n: 0.3285609919800028
Vm: 	 -64.74041014811777
Act_n: 0.32698429510312993
Vm: 	 -64.50614120940041
Act_n: 0.32642619050095567
Vm: 	 -64.37219995691272
Act_n: 0.32642783188655156
Vm: 	 -64.30868838668592
Act_n: 0.32667667387561755
Vm: 	 -64.28886737881895
Act_n: 0.32698519287814287
Vm: 	 -64.29227483692503
Act_n: 0.3272584993119278
Vm: 	 -64.30522367273929
Act_n: 0.3274617735945385
Vm: 	 -64.31976787808834
Act_n: 0.3275937253051881
Vm: 	 -64.33209788434985
Act_n: 0.3276680697395637
Vm: 	 -64.34099014380448
Act_n: 0.32770234369296086
Vm: 	 -64.34659942529152
Act_n: 0.32771223607550765
Vm: 	 -64.34965123423909
Act_n: 0.32770948378003373
Vm: 	 -64.35097448838196
Act_n: 0.32770174735851926
Vm: 	 -64.35127716199491
Act_n: 0.32769337377289476
Vm: 	 -64.35107277663498
Act_n: 0.3276863924678757
Vm: 	 -64.35068724811703
Act_n: 0.32768141379778293
Vm: 	 -64.35029936408581
Act_n: 0.32767830527882225
Vm: 	 -64.34998785144795
Act_n: 0.32767663572753614
Vm: 	 -64.34977193299315
Act_n: 0.3276759292473355
Vm: 	 -64.34964094840088
Act_n: 0.3276757853296826
Vm: 	 -64.34957328252483
Act_n: 0.3276759163885853
Vm: 	 -64.3495468376108
Act_n: 0.3276761416598212
Vm: 	 -64.34954371426946
Act_n: 0.32767636321395016
Vm: 	 -64.34955142296917
Act_n: 0.3276765389253727
Vm: 	 -64.34956233481404
Act_n: 0.32767665950302277
Vm: 	 -64.34957247110383
Act_n: 0.3276767318829536
Vm: 	 -64.34958024499952
Act_n: 0.3276767687201705
Vm: 	 -64.34958543335223
Act_n: 0.3276767826474895
Vm: 	 -64.34958845448112
Act_n: 0.3276767837668714
Vm: 	 -64.34958992401324
Act_n: 0.32767677905637904
Vm: 	 -64.34959042108268
Act_n: 0.3276767727340219
Vm: 	 -64.34959039327114
Act_n: 0.32767676696784964
Vm: 	 -64.34959014125131
Act_n: 0.32767676259589495
Vm: 	 -64.34958984138333
Act_n: 0.32767675970674964
Vm: 	 -64.34958958041527
Act_n: 0.3276767580432689
Vm: 	 -64.3495893885565
Act_n: 0.3276767572482854
Vm: 	 -64.34958926523856
Act_n: 0.32767675699212845
Vm: 	 -64.34958919653393
Act_n: 0.32767675702295596
Vm: 	 -64.34958916544684
Act_n: 0.32767675717325423
Vm: 	 -64.34958915703031
Act_n: 0.327676757345854
Vm: 	 -64.34958916021715
Act_n: 0.3276767574937701
Vm: 	 -64.3495891678472
Act_n: 0.3276767576013617
Vm: 	 -64.34958917589945
Act_n: 0.32767675766982973
Vm: 	 -64.34958918252956
Act_n: 0.32767675770750787
Vm: 	 -64.34958918721395
Act_n: 0.32767675772418875
Vm: 	 -64.34958919011176
Act_n: 0.3276767577283494
Vm: 	 -64.34958919164923
Act_n: 0.3276767577261992
Vm: 	 -64.34958919228437
Act_n: 0.3276767577217157
Vm: 	 -64.34958919239779
Act_n: 0.32767675771710547
Vm: 	 -64.3495891922602
Act_n: 0.3276767577133599
Vm: 	 -64.3495891920402
Act_n: 0.32767675771074034
Vm: 	 -64.349589191828
Act_n: 0.3276767577091364
Vm: 	 -64.3495891916616
Act_n: 0.3276767577082972
Vm: 	 -64.34958919154843
Act_n: 0.32767675770796023
Vm: 	 -64.34958919148116
Act_n: 0.32767675770791027
Vm: 	 -64.34958919144741
Act_n: 0.32767675770799604
Vm: 	 -64.34958919143504
Act_n: 0.32767675770812404
Vm: 	 -64.34958919143453
Act_n: 0.32767675770824506
Vm: 	 -64.3495891914393
Act_n: 0.3276767577083387
Vm: 	 -64.34958919144546
Act_n: 0.32767675770840177
Vm: 	 -64.34958919145096
Act_n: 0.3276767577084388
Vm: 	 -64.34958919145505
Act_n: 0.3276767577084572
Vm: 	 -64.34958919145778
Act_n: 0.3276767577084638
Vm: 	 -64.34958919145933
Act_n: 0.3276767577084638
Vm: 	 -64.34958919146005
Act_n: 0.32767675770846083
Vm: 	 -64.34958919146028
Act_n: 0.3276767577084572
Vm: 	 -64.34958919146023
Act_n: 0.32767675770845406
Vm: 	 -64.34958919146008
Act_n: 0.3276767577084517
Vm: 	 -64.34958919145994
Act_n: 0.32767675770845023
Vm: 	 -64.3495891914598
Act_n: 0.32767675770844934
Vm: 	 -64.34958919145966
Act_n: 0.3276767577084489
Vm: 	 -64.34958919145964
Act_n: 0.3276767577084489
Vm: 	 -64.34958919145964
Act_n: 0.3276767577084489
Vm: 	 -64.34958919145964
Act_n: 0.3276767577084489
Vm: 	 -64.34958919145964
Act_n: 0.3276767577084489
Vm: 	 -64.34958919145964
Act_n: 0.3276767577084489
Vm: 	 -64.34958919145964
Act_n: 0.3276767577084489
Vm: 	 -64.34958919145964
Act_n: 0.3276767577084489
Vm: 	 -64.34958919145964
Act_n: 0.3276767577084489
Vm: 	 -64.34958919145964
Act_n: 0.3276767577084489
Vm: 	 -64.34958919145964
Act_n: 0.3276767577084489
Vm: 	 -64.34958919145964
Act_n: 0.3276767577084489
Vm: 	 -64.34958919145964
Act_n: 0.3276767577084489
Vm: 	 -64.34958919145964
Act_n: 0.3276767577084489
Vm: 	 -64.34958919145964
Act_n: 0.3276767577084489
Vm: 	 -64.34958919145964
Act_n: 0.3276767577084489
Vm: 	 -64.34958919145964
Act_n: 0.3276767577084489
Vm: 	 -64.34958919145964
Act_n: 0.3276767577084489
Vm: 	 -64.34958919145964
Act_n: 0.3276767577084489
Vm: 	 -64.34958919145964
Act_n: 0.3276767577084489

Plot analysis
Searching nullclines
Plotting vector field
Saved: hh_phaseplane_fig01.png

Generated 2 output files:
  - hh_phaseplane_fig01.png
  - run.log
