
              -- N E S T --
  Copyright (C) 2004 The NEST Initiative

 Version: 3.9.0-post0.dev0
 Built: Jan 15 2026 10:38:56

 This program is provided AS IS and comes with
 NO WARRANTY. See the file LICENSE for details.

 Problems or suggestions?
   Visit https://www.nest-simulator.org

 Type 'nest.help()' to find out more about NEST.


Jan 16 10:37:09 NodeManager::prepare_nodes [Info]: 
    Preparing 3 nodes for simulation.

Jan 16 10:37:09 SimulationManager::start_updating_ [Info]: 
    Number of local nodes: 3
    Simulation time (ms): 30
    Number of OpenMP threads: 1
    Not using MPI

Jan 16 10:37:09 SimulationManager::run [Info]: 
    Simulation finished.

Jan 16 10:37:09 NodeManager::prepare_nodes [Info]: 
    Preparing 3 nodes for simulation.

Jan 16 10:37:09 SimulationManager::start_updating_ [Info]: 
    Number of local nodes: 3
    Simulation time (ms): 30
    Number of OpenMP threads: 1
    Not using MPI

Jan 16 10:37:09 SimulationManager::run [Info]: 
    Simulation finished.

Jan 16 10:37:09 NodeManager::prepare_nodes [Info]: 
    Preparing 3 nodes for simulation.

Jan 16 10:37:09 SimulationManager::start_updating_ [Info]: 
    Number of local nodes: 3
    Simulation time (ms): 30
    Number of OpenMP threads: 1
    Not using MPI

Jan 16 10:37:09 SimulationManager::run [Info]: 
    Simulation finished.

Jan 16 10:37:09 NodeManager::prepare_nodes [Info]: 
    Preparing 3 nodes for simulation.

Jan 16 10:37:09 SimulationManager::start_updating_ [Info]: 
    Number of local nodes: 3
    Simulation time (ms): 30
    Number of OpenMP threads: 1
    Not using MPI

Jan 16 10:37:09 SimulationManager::run [Info]: 
    Simulation finished.
simulation resolution in ms: 0.1
data recorded by recording backend ascii (time_in_steps=True)
[['sender' 'time_step' 'time_offset']
 ['1' '21' '0.000']
 ['1' '44' '0.000']
 ['1' '67' '0.000']
 ['1' '89' '0.000']
 ['1' '111' '0.000']
 ['1' '133' '0.000']
 ['1' '155' '0.000']
 ['1' '177' '0.000']
 ['1' '199' '0.000']
 ['1' '221' '0.000']
 ['1' '243' '0.000']
 ['1' '265' '0.000']
 ['1' '287' '0.000']]
simulation resolution in ms: 0.1
data recorded by recording backend memory (time_in_steps=True)
{'offsets': array([0., 0., 0., 0., 0., 0., 0., 0., 0., 0., 0., 0., 0.]), 'senders': array([1, 1, 1, 1, 1, 1, 1, 1, 1, 1, 1, 1, 1]), 'times': array([ 21,  44,  67,  89, 111, 133, 155, 177, 199, 221, 243, 265, 287])}
simulation resolution in ms: 0.1
data recorded by recording backend ascii (time_in_steps=False)
[['sender' 'time_ms']
 ['1' '2.100']
 ['1' '4.400']
 ['1' '6.700']
 ['1' '8.900']
 ['1' '11.100']
 ['1' '13.300']
 ['1' '15.500']
 ['1' '17.700']
 ['1' '19.900']
 ['1' '22.100']
 ['1' '24.300']
 ['1' '26.500']
 ['1' '28.700']]
simulation resolution in ms: 0.1
data recorded by recording backend memory (time_in_steps=False)
{'senders': array([1, 1, 1, 1, 1, 1, 1, 1, 1, 1, 1, 1, 1]), 'times': array([ 2.1,  4.4,  6.7,  8.9, 11.1, 13.3, 15.5, 17.7, 19.9, 22.1, 24.3,
       26.5, 28.7])}

Generated 1 output files:
  - run.log
