
              -- N E S T --
  Copyright (C) 2004 The NEST Initiative

 Version: 3.9.0-post0.dev0
 Built: Jan 15 2026 10:38:56

 This program is provided AS IS and comes with
 NO WARRANTY. See the file LICENSE for details.

 Problems or suggestions?
   Visit https://www.nest-simulator.org

 Type 'nest.help()' to find out more about NEST.


Jan 16 10:39:01 SimulationManager::set_status [Info]: 
    Temporal resolution changed from 0.1 to 0.1 ms.

Jan 16 10:39:04 NodeManager::prepare_nodes [Info]: 
    Preparing 11254 nodes for simulation.

Jan 16 10:39:05 SimulationManager::start_updating_ [Info]: 
    Number of local nodes: 11254
    Simulation time (ms): 2000
    Number of OpenMP threads: 1
    Not using MPI

Jan 16 10:39:44 SimulationManager::run [Info]: 
    Simulation finished.
Creating excitatory population ...
Creating inhibitory population ...
Creating stimulus generators ...
Creating spike recorders ...
Configuring neuron parameters ...
Connecting stimulus generators ...
Connecting excitatory -> excitatory population ...
Connecting excitatory -> inhibitory population ...
Connecting inhibitory -> excitatory population ...
Connecting inhibitory -> inhibitory population ...
Connecting spike recorders ...
Simulating ...
Traceback (most recent call last):
  File "/home/runner/work/tmp-nest-examples/tmp-nest-examples/pynest/examples/run_example.py", line 102, in <module>
    run_example(example_path, output_dir)
  File "/home/runner/work/tmp-nest-examples/tmp-nest-examples/pynest/examples/run_example.py", line 76, in run_example
    spec.loader.exec_module(module)
  File "<frozen importlib._bootstrap_external>", line 883, in exec_module
  File "<frozen importlib._bootstrap>", line 241, in _call_with_frames_removed
  File "/home/runner/work/tmp-nest-examples/tmp-nest-examples/pynest/examples/brette_et_al_2007/cuba_stdp.py", line 220, in <module>
    build_time = kernel_status["network_build_time"]
KeyError: 'network_build_time'
